#
# There is insufficient memory for the Java Runtime Environment to continue.
# Native memory allocation (malloc) failed to allocate 664656 bytes for Chunk::new
# Possible reasons:
#   The system is out of physical RAM or swap space
#   In 32 bit mode, the process size limit was hit
# Possible solutions:
#   Reduce memory load on the system
#   Increase physical memory or swap space
#   Check if swap backing store is full
#   Use 64 bit Java on a 64 bit OS
#   Decrease Java heap size (-Xmx/-Xms)
#   Decrease number of Java threads
#   Decrease Java thread stack sizes (-Xss)
#   Set larger code cache with -XX:ReservedCodeCacheSize=
# This output file may be truncated or incomplete.
#
#  Out of Memory Error (allocation.cpp:390), pid=11208, tid=0x0000000000002ca8
#
# JRE version: Java(TM) SE Runtime Environment (8.0_144-b01) (build 1.8.0_144-b01)
# Java VM: Java HotSpot(TM) 64-Bit Server VM (25.144-b01 mixed mode windows-amd64 compressed oops)
# Failed to write core dump. Minidumps are not enabled by default on client versions of Windows
#

---------------  T H R E A D  ---------------

Current thread (0x0000000016d4d800):  JavaThread "C2 CompilerThread1" daemon [_thread_in_native, id=11432, stack(0x0000000018770000,0x0000000018870000)]

Stack: [0x0000000018770000,0x0000000018870000]
[error occurred during error reporting (printing stack bounds), id 0xc0000005]

Native frames: (J=compiled Java code, j=interpreted, Vv=VM code, C=native code)


Current CompileTask:
C2:   7264 3329       4       org.jetbrains.kotlin.parsing.AbstractKotlinParsing::at (114 bytes)


---------------  P R O C E S S  ---------------

Java Threads: ( => current thread )
  0x0000000018dcb800 JavaThread "RMI RenewClean-[localhost:57396,org.jetbrains.kotlin.daemon.common.LoopbackNetworkInterface$ClientLoopbackSocketFactory@427d2675]" daemon [_thread_blocked, id=6744, stack(0x0000000019e40000,0x0000000019f40000)]
  0x0000000018f07800 JavaThread "RMI TCP Connection(2)-127.0.0.1" daemon [_thread_in_native, id=932, stack(0x0000000019d40000,0x0000000019e40000)]
  0x0000000018f1a800 JavaThread "RMI Scheduler(0)" daemon [_thread_blocked, id=11896, stack(0x0000000019c40000,0x0000000019d40000)]
  0x0000000018eae800 JavaThread "RMI TCP Connection(1)-127.0.0.1" daemon [_thread_in_native, id=15996, stack(0x0000000019b40000,0x0000000019c40000)]
  0x000000000317d800 JavaThread "DestroyJavaVM" [_thread_blocked, id=7932, stack(0x0000000003180000,0x0000000003280000)]
  0x0000000018e2a000 JavaThread "GC Daemon" daemon [_thread_blocked, id=17140, stack(0x0000000019970000,0x0000000019a70000)]
  0x0000000018e4d000 JavaThread "RMI Reaper" [_thread_blocked, id=2748, stack(0x0000000019870000,0x0000000019970000)]
  0x0000000018d99800 JavaThread "Timer-0" daemon [_thread_blocked, id=3544, stack(0x0000000019470000,0x0000000019570000)]
  0x0000000018d96800 JavaThread "RMI TCP Accept-17168" daemon [_thread_in_native, id=14672, stack(0x0000000019370000,0x0000000019470000)]
  0x00000000180f2000 JavaThread "Service Thread" daemon [_thread_blocked, id=17236, stack(0x0000000018970000,0x0000000018a70000)]
  0x00000000180c1000 JavaThread "C1 CompilerThread2" daemon [_thread_blocked, id=6300, stack(0x0000000018870000,0x0000000018970000)]
=>0x0000000016d4d800 JavaThread "C2 CompilerThread1" daemon [_thread_in_native, id=11432, stack(0x0000000018770000,0x0000000018870000)]
  0x0000000016d4a800 JavaThread "C2 CompilerThread0" daemon [_thread_in_native, id=11828, stack(0x0000000018670000,0x0000000018770000)]
  0x0000000016d49000 JavaThread "Attach Listener" daemon [_thread_blocked, id=13272, stack(0x0000000018570000,0x0000000018670000)]
  0x0000000016cfe800 JavaThread "Signal Dispatcher" daemon [_thread_blocked, id=3164, stack(0x0000000018470000,0x0000000018570000)]
  0x0000000016cd9800 JavaThread "Finalizer" daemon [_thread_blocked, id=17540, stack(0x0000000017f70000,0x0000000018070000)]
  0x0000000003371000 JavaThread "Reference Handler" daemon [_thread_blocked, id=5908, stack(0x0000000017e70000,0x0000000017f70000)]

Other Threads:
  0x0000000016cb8000 VMThread [stack: 0x0000000017d70000,0x0000000017e70000] [id=2884]
  0x000000001813a800 WatcherThread [stack: 0x0000000018a70000,0x0000000018b70000] [id=14032]

VM state:not at safepoint (normal execution)

VM Mutex/Monitor currently owned by a thread: None

Heap:
 PSYoungGen      total 68096K, used 28753K [0x00000000e0000000, 0x00000000e5d00000, 0x0000000100000000)
  eden space 50688K, 28% used [0x00000000e0000000,0x00000000e0dddf20,0x00000000e3180000)
  from space 17408K, 83% used [0x00000000e3180000,0x00000000e3fb66c8,0x00000000e4280000)
  to   space 19968K, 0% used [0x00000000e4980000,0x00000000e4980000,0x00000000e5d00000)
 ParOldGen       total 110592K, used 57730K [0x00000000a0000000, 0x00000000a6c00000, 0x00000000e0000000)
  object space 110592K, 52% used [0x00000000a0000000,0x00000000a3860a30,0x00000000a6c00000)
 Metaspace       used 34918K, capacity 35496K, committed 35712K, reserved 1081344K
  class space    used 4569K, capacity 4724K, committed 4736K, reserved 1048576K

Card table byte_map: [0x0000000012740000,0x0000000012a50000] byte_map_base: 0x0000000012240000

Marking Bits: (ParMarkBitMap*) 0x000000005b42d850
 Begin Bits: [0x0000000013050000, 0x0000000014850000)
 End Bits:   [0x0000000014850000, 0x0000000016050000)

Polling page: 0x0000000000bf0000

CodeCache: size=245760Kb used=9561Kb max_used=11371Kb free=236198Kb
 bounds [0x0000000003380000, 0x0000000003eb0000, 0x0000000012380000]
 total_blobs=3280 nmethods=2825 adapters=367
 compilation: enabled

Compilation events (10 events):
Event: 7.223 Thread 0x00000000180c1000 3404       3       org.jetbrains.kotlin.parsing.TrailingCommentsBinder::getEdgePosition (141 bytes)
Event: 7.224 Thread 0x00000000180c1000 nmethod 3404 0x0000000003964d10 code [0x0000000003964f80, 0x0000000003965ee8]
Event: 7.224 Thread 0x00000000180c1000 3405       3       kotlin.collections.CollectionsKt__CollectionsKt::getIndices (25 bytes)
Event: 7.225 Thread 0x00000000180c1000 nmethod 3405 0x00000000035c3a90 code [0x00000000035c3c20, 0x00000000035c3fe8]
Event: 7.225 Thread 0x00000000180c1000 3406       3       kotlin.ranges.RangesKt___RangesKt::reversed (26 bytes)
Event: 7.225 Thread 0x00000000180c1000 nmethod 3406 0x00000000037ca690 code [0x00000000037ca820, 0x00000000037cad78]
Event: 7.240 Thread 0x00000000180c1000 3410       3       java.io.WinNTFileSystem::resolve (231 bytes)
Event: 7.242 Thread 0x00000000180c1000 nmethod 3410 0x0000000003c4de10 code [0x0000000003c4e0e0, 0x0000000003c4f968]
Event: 7.244 Thread 0x00000000180c1000 3411       3       java.io.File::isDirectory (43 bytes)
Event: 7.244 Thread 0x00000000180c1000 nmethod 3411 0x00000000037599d0 code [0x0000000003759b60, 0x0000000003759fe8]

GC Heap History (10 events):
Event: 3.471 GC heap before
{Heap before GC invocations=7 (full 3):
 PSYoungGen      total 53248K, used 5119K [0x00000000e0000000, 0x00000000e4b00000, 0x0000000100000000)
  eden space 48128K, 0% used [0x00000000e0000000,0x00000000e0000000,0x00000000e2f00000)
  from space 5120K, 99% used [0x00000000e4600000,0x00000000e4affe28,0x00000000e4b00000)
  to   space 5120K, 0% used [0x00000000e4100000,0x00000000e4100000,0x00000000e4600000)
 ParOldGen       total 69120K, used 61685K [0x00000000a0000000, 0x00000000a4380000, 0x00000000e0000000)
  object space 69120K, 89% used [0x00000000a0000000,0x00000000a3c3d7c8,0x00000000a4380000)
 Metaspace       used 25053K, capacity 25382K, committed 25856K, reserved 1071104K
  class space    used 3385K, capacity 3485K, committed 3584K, reserved 1048576K
Event: 3.545 GC heap after
Heap after GC invocations=7 (full 3):
 PSYoungGen      total 53248K, used 0K [0x00000000e0000000, 0x00000000e4b00000, 0x0000000100000000)
  eden space 48128K, 0% used [0x00000000e0000000,0x00000000e0000000,0x00000000e2f00000)
  from space 5120K, 0% used [0x00000000e4600000,0x00000000e4600000,0x00000000e4b00000)
  to   space 5120K, 0% used [0x00000000e4100000,0x00000000e4100000,0x00000000e4600000)
 ParOldGen       total 69120K, used 61530K [0x00000000a0000000, 0x00000000a4380000, 0x00000000e0000000)
  object space 69120K, 89% used [0x00000000a0000000,0x00000000a3c16800,0x00000000a4380000)
 Metaspace       used 25053K, capacity 25382K, committed 25856K, reserved 1071104K
  class space    used 3385K, capacity 3485K, committed 3584K, reserved 1048576K
}
Event: 3.596 GC heap before
{Heap before GC invocations=8 (full 4):
 PSYoungGen      total 53248K, used 29246K [0x00000000e0000000, 0x00000000e4b00000, 0x0000000100000000)
  eden space 48128K, 60% used [0x00000000e0000000,0x00000000e1c8fa58,0x00000000e2f00000)
  from space 5120K, 0% used [0x00000000e4600000,0x00000000e4600000,0x00000000e4b00000)
  to   space 5120K, 0% used [0x00000000e4100000,0x00000000e4100000,0x00000000e4600000)
 ParOldGen       total 110592K, used 102557K [0x00000000a0000000, 0x00000000a6c00000, 0x00000000e0000000)
  object space 110592K, 92% used [0x00000000a0000000,0x00000000a6427668,0x00000000a6c00000)
 Metaspace       used 25086K, capacity 25474K, committed 25856K, reserved 1071104K
  class space    used 3397K, capacity 3493K, committed 3584K, reserved 1048576K
Event: 3.633 GC heap after
Heap after GC invocations=8 (full 4):
 PSYoungGen      total 53248K, used 0K [0x00000000e0000000, 0x00000000e4b00000, 0x0000000100000000)
  eden space 48128K, 0% used [0x00000000e0000000,0x00000000e0000000,0x00000000e2f00000)
  from space 5120K, 0% used [0x00000000e4600000,0x00000000e4600000,0x00000000e4b00000)
  to   space 5120K, 0% used [0x00000000e4100000,0x00000000e4100000,0x00000000e4600000)
 ParOldGen       total 110592K, used 16678K [0x00000000a0000000, 0x00000000a6c00000, 0x00000000e0000000)
  object space 110592K, 15% used [0x00000000a0000000,0x00000000a1049bc8,0x00000000a6c00000)
 Metaspace       used 25086K, capacity 25474K, committed 25856K, reserved 1071104K
  class space    used 3397K, capacity 3493K, committed 3584K, reserved 1048576K
}
Event: 3.806 GC heap before
{Heap before GC invocations=9 (full 4):
 PSYoungGen      total 53248K, used 48128K [0x00000000e0000000, 0x00000000e4b00000, 0x0000000100000000)
  eden space 48128K, 100% used [0x00000000e0000000,0x00000000e2f00000,0x00000000e2f00000)
  from space 5120K, 0% used [0x00000000e4600000,0x00000000e4600000,0x00000000e4b00000)
  to   space 5120K, 0% used [0x00000000e4100000,0x00000000e4100000,0x00000000e4600000)
 ParOldGen       total 110592K, used 16678K [0x00000000a0000000, 0x00000000a6c00000, 0x00000000e0000000)
  object space 110592K, 15% used [0x00000000a0000000,0x00000000a1049bc8,0x00000000a6c00000)
 Metaspace       used 25235K, capacity 25638K, committed 25856K, reserved 1071104K
  class space    used 3405K, capacity 3525K, committed 3584K, reserved 1048576K
Event: 3.817 GC heap after
Heap after GC invocations=9 (full 4):
 PSYoungGen      total 54784K, used 1095K [0x00000000e0000000, 0x00000000e4680000, 0x0000000100000000)
  eden space 53248K, 0% used [0x00000000e0000000,0x00000000e0000000,0x00000000e3400000)
  from space 1536K, 71% used [0x00000000e4100000,0x00000000e4211d60,0x00000000e4280000)
  to   space 4096K, 0% used [0x00000000e4280000,0x00000000e4280000,0x00000000e4680000)
 ParOldGen       total 110592K, used 57714K [0x00000000a0000000, 0x00000000a6c00000, 0x00000000e0000000)
  object space 110592K, 52% used [0x00000000a0000000,0x00000000a385ca30,0x00000000a6c00000)
 Metaspace       used 25235K, capacity 25638K, committed 25856K, reserved 1071104K
  class space    used 3405K, capacity 3525K, committed 3584K, reserved 1048576K
}
Event: 5.507 GC heap before
{Heap before GC invocations=10 (full 4):
 PSYoungGen      total 54784K, used 54343K [0x00000000e0000000, 0x00000000e4680000, 0x0000000100000000)
  eden space 53248K, 100% used [0x00000000e0000000,0x00000000e3400000,0x00000000e3400000)
  from space 1536K, 71% used [0x00000000e4100000,0x00000000e4211d60,0x00000000e4280000)
  to   space 4096K, 0% used [0x00000000e4280000,0x00000000e4280000,0x00000000e4680000)
 ParOldGen       total 110592K, used 57714K [0x00000000a0000000, 0x00000000a6c00000, 0x00000000e0000000)
  object space 110592K, 52% used [0x00000000a0000000,0x00000000a385ca30,0x00000000a6c00000)
 Metaspace       used 26407K, capacity 26898K, committed 27264K, reserved 1073152K
  class space    used 3520K, capacity 3629K, committed 3712K, reserved 1048576K
Event: 5.514 GC heap after
Heap after GC invocations=10 (full 4):
 PSYoungGen      total 54784K, used 2928K [0x00000000e0000000, 0x00000000e5a80000, 0x0000000100000000)
  eden space 50688K, 0% used [0x00000000e0000000,0x00000000e0000000,0x00000000e3180000)
  from space 4096K, 71% used [0x00000000e4280000,0x00000000e455c2f8,0x00000000e4680000)
  to   space 17408K, 0% used [0x00000000e3180000,0x00000000e3180000,0x00000000e4280000)
 ParOldGen       total 110592K, used 57722K [0x00000000a0000000, 0x00000000a6c00000, 0x00000000e0000000)
  object space 110592K, 52% used [0x00000000a0000000,0x00000000a385ea30,0x00000000a6c00000)
 Metaspace       used 26407K, capacity 26898K, committed 27264K, reserved 1073152K
  class space    used 3520K, capacity 3629K, committed 3712K, reserved 1048576K
}
Event: 6.626 GC heap before
{Heap before GC invocations=11 (full 4):
 PSYoungGen      total 54784K, used 53616K [0x00000000e0000000, 0x00000000e5a80000, 0x0000000100000000)
  eden space 50688K, 100% used [0x00000000e0000000,0x00000000e3180000,0x00000000e3180000)
  from space 4096K, 71% used [0x00000000e4280000,0x00000000e455c2f8,0x00000000e4680000)
  to   space 17408K, 0% used [0x00000000e3180000,0x00000000e3180000,0x00000000e4280000)
 ParOldGen       total 110592K, used 57722K [0x00000000a0000000, 0x00000000a6c00000, 0x00000000e0000000)
  object space 110592K, 52% used [0x00000000a0000000,0x00000000a385ea30,0x00000000a6c00000)
 Metaspace       used 32720K, capacity 33282K, committed 33664K, reserved 1079296K
  class space    used 4255K, capacity 4397K, committed 4480K, reserved 1048576K
Event: 6.646 GC heap after
Heap after GC invocations=11 (full 4):
 PSYoungGen      total 68096K, used 14553K [0x00000000e0000000, 0x00000000e5d00000, 0x0000000100000000)
  eden space 50688K, 0% used [0x00000000e0000000,0x00000000e0000000,0x00000000e3180000)
  from space 17408K, 83% used [0x00000000e3180000,0x00000000e3fb66c8,0x00000000e4280000)
  to   space 19968K, 0% used [0x00000000e4980000,0x00000000e4980000,0x00000000e5d00000)
 ParOldGen       total 110592K, used 57730K [0x00000000a0000000, 0x00000000a6c00000, 0x00000000e0000000)
  object space 110592K, 52% used [0x00000000a0000000,0x00000000a3860a30,0x00000000a6c00000)
 Metaspace       used 32720K, capacity 33282K, committed 33664K, reserved 1079296K
  class space    used 4255K, capacity 4397K, committed 4480K, reserved 1048576K
}

Deoptimization events (10 events):
Event: 6.945 Thread 0x0000000018f07800 Uncommon trap: reason=class_check action=maybe_recompile pc=0x00000000038f95f4 method=org.jetbrains.kotlin.com.intellij.lang.impl.PsiBuilderImpl.skipWhitespace()V @ 72
Event: 6.945 Thread 0x0000000018f07800 Uncommon trap: reason=class_check action=maybe_recompile pc=0x000000000376276c method=org.jetbrains.kotlin.com.intellij.util.text.ImmutableText.charAt(I)C @ 46
Event: 6.946 Thread 0x0000000018f07800 Uncommon trap: reason=class_check action=maybe_recompile pc=0x000000000365c5dc method=org.jetbrains.kotlin.com.intellij.util.text.ImmutableText.charAt(I)C @ 46
Event: 6.946 Thread 0x0000000018f07800 Uncommon trap: reason=class_check action=maybe_recompile pc=0x000000000365c5dc method=org.jetbrains.kotlin.com.intellij.util.text.ImmutableText.charAt(I)C @ 46
Event: 6.946 Thread 0x0000000018f07800 Uncommon trap: reason=class_check action=maybe_recompile pc=0x000000000365c5dc method=org.jetbrains.kotlin.com.intellij.util.text.ImmutableText.charAt(I)C @ 46
Event: 6.946 Thread 0x0000000018f07800 Uncommon trap: reason=class_check action=maybe_recompile pc=0x000000000376276c method=org.jetbrains.kotlin.com.intellij.util.text.ImmutableText.charAt(I)C @ 46
Event: 6.955 Thread 0x0000000018f07800 Uncommon trap: reason=class_check action=maybe_recompile pc=0x00000000038f95f4 method=org.jetbrains.kotlin.com.intellij.lang.impl.PsiBuilderImpl.skipWhitespace()V @ 72
Event: 6.972 Thread 0x0000000018f07800 Uncommon trap: reason=class_check action=maybe_recompile pc=0x0000000003956080 method=org.jetbrains.kotlin.com.intellij.lang.impl.PsiBuilderImpl.skipWhitespace()V @ 72
Event: 6.998 Thread 0x0000000018f07800 Uncommon trap: reason=bimorphic action=maybe_recompile pc=0x0000000003b69594 method=org.jetbrains.kotlin.com.intellij.lang.impl.TokenSequence$Builder.performLexing()Lorg/jetbrains/kotlin/com/intellij/lang/impl/TokenSequence; @ 19
Event: 7.226 Thread 0x0000000018f07800 Uncommon trap: reason=class_check action=maybe_recompile pc=0x0000000003e7f744 method=org.jetbrains.kotlin.com.intellij.util.text.ImmutableText.charAt(I)C @ 46

Internal exceptions (10 events):
Event: 2.937 Thread 0x0000000018f07800 Exception <a 'java/lang/NoSuchMethodError': java.lang.Object.lambda$static$0(I)[Lorg/jetbrains/kotlin/com/intellij/openapi/editor/event/DocumentListener;> (0x00000000e03c5360) thrown at [C:\re\workspace\8-2-build-windows-amd64-cygwin\jdk8u144\9417\hotspot
Event: 2.965 Thread 0x0000000018f07800 Exception <a 'java/lang/NoSuchMethodError': java.lang.Object.lambda$static$0(I)[Lorg/jetbrains/kotlin/com/intellij/psi/PsiAnnotation;> (0x00000000e05b88c0) thrown at [C:\re\workspace\8-2-build-windows-amd64-cygwin\jdk8u144\9417\hotspot\src\share\vm\interp
Event: 3.386 Thread 0x0000000018f07800 Exception <a 'java/lang/NoSuchMethodError': java.lang.Object.lambda$static$0(I)[Lorg/jetbrains/kotlin/com/intellij/psi/PsiClass;> (0x00000000e1380a40) thrown at [C:\re\workspace\8-2-build-windows-amd64-cygwin\jdk8u144\9417\hotspot\src\share\vm\interpreter
Event: 3.555 Thread 0x0000000018f07800 Exception <a 'java/lang/NoSuchMethodError': java.lang.Object.lambda$static$0(I)[Lorg/jetbrains/kotlin/com/intellij/psi/PsiMethod;> (0x00000000e03d6a90) thrown at [C:\re\workspace\8-2-build-windows-amd64-cygwin\jdk8u144\9417\hotspot\src\share\vm\interprete
Event: 3.591 Thread 0x0000000018f07800 Exception <a 'java/lang/NoSuchMethodError': java.lang.Object.lambda$static$0(I)[Lorg/jetbrains/kotlin/com/intellij/psi/PsiField;> (0x00000000e0401060) thrown at [C:\re\workspace\8-2-build-windows-amd64-cygwin\jdk8u144\9417\hotspot\src\share\vm\interpreter
Event: 5.242 Thread 0x0000000018f07800 Exception <a 'sun/nio/fs/WindowsException'> (0x00000000e3309618) thrown at [C:\re\workspace\8-2-build-windows-amd64-cygwin\jdk8u144\9417\hotspot\src\share\vm\prims\jni.cpp, line 709]
Event: 5.243 Thread 0x0000000018f07800 Exception <a 'java/lang/reflect/InvocationTargetException'> (0x00000000e330a1d8) thrown at [C:\re\workspace\8-2-build-windows-amd64-cygwin\jdk8u144\9417\hotspot\src\share\vm\runtime\reflection.cpp, line 1092]
Event: 5.272 Thread 0x0000000018f07800 Implicit null exception at 0x0000000003c7cf62 to 0x0000000003c7d8dd
Event: 5.563 Thread 0x0000000018f07800 Implicit null exception at 0x00000000039b7f4c to 0x00000000039bfc05
Event: 6.404 Thread 0x0000000018f07800 Implicit null exception at 0x00000000039dd2d4 to 0x00000000039dd4ac

Events (10 events):
Event: 7.232 loading class org/jetbrains/kotlin/com/intellij/openapi/vfs/VirtualFileManager
Event: 7.232 loading class org/jetbrains/kotlin/com/intellij/openapi/vfs/VirtualFileManager done
Event: 7.232 loading class org/jetbrains/kotlin/android/synthetic/res/AndroidLayoutXmlFileManager$getVariantData$1
Event: 7.232 loading class org/jetbrains/kotlin/android/synthetic/res/AndroidLayoutXmlFileManager$getVariantData$1 done
Event: 7.232 loading class kotlin/jvm/functions/Function1
Event: 7.232 loading class kotlin/jvm/functions/Function1 done
Event: 7.232 loading class kotlin/jvm/internal/Lambda
Event: 7.232 loading class kotlin/jvm/internal/Lambda done
Event: 7.233 loading class org/jetbrains/kotlin/com/intellij/openapi/vfs/VirtualFile
Event: 7.233 loading class org/jetbrains/kotlin/com/intellij/openapi/vfs/VirtualFile done


Dynamic libraries:
0x00007ff7f8190000 - 0x00007ff7f81c7000 	C:\Program Files\Java\jdk1.8.0_144\jre\bin\java.exe
0x00007ffd848b0000 - 0x00007ffd84a91000 	C:\WINDOWS\SYSTEM32\ntdll.dll
0x00007ffd83390000 - 0x00007ffd83442000 	C:\WINDOWS\System32\KERNEL32.DLL
0x00007ffd80c80000 - 0x00007ffd80ef3000 	C:\WINDOWS\System32\KERNELBASE.dll
0x00007ffd83180000 - 0x00007ffd83221000 	C:\WINDOWS\System32\ADVAPI32.dll
0x00007ffd84250000 - 0x00007ffd842ee000 	C:\WINDOWS\System32\msvcrt.dll
0x00007ffd83230000 - 0x00007ffd8328b000 	C:\WINDOWS\System32\sechost.dll
0x00007ffd83530000 - 0x00007ffd83654000 	C:\WINDOWS\System32\RPCRT4.dll
0x00007ffd83960000 - 0x00007ffd83af0000 	C:\WINDOWS\System32\USER32.dll
0x00007ffd81b20000 - 0x00007ffd81b40000 	C:\WINDOWS\System32\win32u.dll
0x00007ffd84320000 - 0x00007ffd84348000 	C:\WINDOWS\System32\GDI32.dll
0x00007ffd81b40000 - 0x00007ffd81cd2000 	C:\WINDOWS\System32\gdi32full.dll
0x00007ffd80f00000 - 0x00007ffd80f9f000 	C:\WINDOWS\System32\msvcp_win.dll
0x00007ffd810d0000 - 0x00007ffd811ca000 	C:\WINDOWS\System32\ucrtbase.dll
0x00007ffd6d8c0000 - 0x00007ffd6db29000 	C:\WINDOWS\WinSxS\amd64_microsoft.windows.common-controls_6595b64144ccf1df_6.0.17134.285_none_fb4297e330656775\COMCTL32.dll
0x00007ffd83bb0000 - 0x00007ffd83ed3000 	C:\WINDOWS\System32\combase.dll
0x00007ffd80fa0000 - 0x00007ffd8101a000 	C:\WINDOWS\System32\bcryptPrimitives.dll
0x00007ffd842f0000 - 0x00007ffd8431d000 	C:\WINDOWS\System32\IMM32.DLL
0x000000005b4b0000 - 0x000000005b582000 	C:\Program Files\Java\jdk1.8.0_144\jre\bin\msvcr100.dll
0x000000005ac10000 - 0x000000005b4ad000 	C:\Program Files\Java\jdk1.8.0_144\jre\bin\server\jvm.dll
0x00007ffd840a0000 - 0x00007ffd840a8000 	C:\WINDOWS\System32\PSAPI.DLL
0x00007ffd6f350000 - 0x00007ffd6f359000 	C:\WINDOWS\SYSTEM32\WSOCK32.dll
0x00007ffd7d0e0000 - 0x00007ffd7d103000 	C:\WINDOWS\SYSTEM32\WINMM.dll
0x00007ffd6db90000 - 0x00007ffd6db9a000 	C:\WINDOWS\SYSTEM32\VERSION.dll
0x00007ffd83fd0000 - 0x00007ffd8403c000 	C:\WINDOWS\System32\WS2_32.dll
0x00007ffd7d0b0000 - 0x00007ffd7d0da000 	C:\WINDOWS\SYSTEM32\WINMMBASE.dll
0x00007ffd81ad0000 - 0x00007ffd81b19000 	C:\WINDOWS\System32\cfgmgr32.dll
0x000000005c360000 - 0x000000005c36f000 	C:\Program Files\Java\jdk1.8.0_144\jre\bin\verify.dll
0x000000005c330000 - 0x000000005c359000 	C:\Program Files\Java\jdk1.8.0_144\jre\bin\java.dll
0x000000005c310000 - 0x000000005c326000 	C:\Program Files\Java\jdk1.8.0_144\jre\bin\zip.dll
0x00007ffd81d40000 - 0x00007ffd83180000 	C:\WINDOWS\System32\SHELL32.dll
0x00007ffd83b00000 - 0x00007ffd83ba9000 	C:\WINDOWS\System32\shcore.dll
0x00007ffd813c0000 - 0x00007ffd81acd000 	C:\WINDOWS\System32\windows.storage.dll
0x00007ffd83290000 - 0x00007ffd832e1000 	C:\WINDOWS\System32\shlwapi.dll
0x00007ffd80bf0000 - 0x00007ffd80c01000 	C:\WINDOWS\System32\kernel.appcore.dll
0x00007ffd80bd0000 - 0x00007ffd80bef000 	C:\WINDOWS\System32\profapi.dll
0x00007ffd80c10000 - 0x00007ffd80c5c000 	C:\WINDOWS\System32\powrprof.dll
0x00007ffd80bc0000 - 0x00007ffd80bca000 	C:\WINDOWS\System32\FLTLIB.DLL
0x000000005c2c0000 - 0x000000005c2cd000 	C:\Program Files\Java\jdk1.8.0_144\jre\bin\management.dll
0x000000005c2f0000 - 0x000000005c30a000 	C:\Program Files\Java\jdk1.8.0_144\jre\bin\net.dll
0x00007ffd80440000 - 0x00007ffd804a6000 	C:\WINDOWS\system32\mswsock.dll
0x000000005c2d0000 - 0x000000005c2e1000 	C:\Program Files\Java\jdk1.8.0_144\jre\bin\nio.dll
0x00007ffd805f0000 - 0x00007ffd80607000 	C:\WINDOWS\SYSTEM32\CRYPTSP.dll
0x00007ffd7ffc0000 - 0x00007ffd7fff3000 	C:\WINDOWS\system32\rsaenh.dll
0x00007ffd80720000 - 0x00007ffd80745000 	C:\WINDOWS\SYSTEM32\bcrypt.dll
0x00007ffd80ac0000 - 0x00007ffd80ae8000 	C:\WINDOWS\SYSTEM32\USERENV.dll
0x00007ffd80610000 - 0x00007ffd8061b000 	C:\WINDOWS\SYSTEM32\CRYPTBASE.dll
0x00007ffd801b0000 - 0x00007ffd801e8000 	C:\WINDOWS\SYSTEM32\IPHLPAPI.DLL
0x00007ffd83af0000 - 0x00007ffd83af8000 	C:\WINDOWS\System32\NSI.dll
0x00007ffd734e0000 - 0x00007ffd734f6000 	C:\WINDOWS\SYSTEM32\dhcpcsvc6.DLL
0x00007ffd734b0000 - 0x00007ffd734ca000 	C:\WINDOWS\SYSTEM32\dhcpcsvc.DLL

VM Arguments:
jvm_args: -Djava.awt.headless=true -Djava.rmi.server.hostname=localhost -Xmx1536m -Dkotlin.environment.keepalive 
java_command: org.jetbrains.kotlin.daemon.KotlinCompileDaemon --daemon-runFilesPath C:\Users\SERIN\AppData\Local\kotlin\daemon --daemon-autoshutdownIdleSeconds=7200 --daemon-compilerClasspath C:\Users\SERIN\.gradle\caches\modules-2\files-2.1\org.jetbrains.kotlin\kotlin-compiler-embeddable\1.1.51\e87f62328a705dc5c5b857f1aa50d1732c8bc3d6\kotlin-compiler-embeddable-1.1.51.jar;C:\Program Files\Java\jdk1.8.0_144\lib\tools.jar
java_class_path (initial): C:\Users\SERIN\.gradle\caches\modules-2\files-2.1\org.jetbrains.kotlin\kotlin-compiler-embeddable\1.1.51\e87f62328a705dc5c5b857f1aa50d1732c8bc3d6\kotlin-compiler-embeddable-1.1.51.jar;C:\Program Files\Java\jdk1.8.0_144\lib\tools.jar
Launcher Type: SUN_STANDARD

Environment Variables:
JAVA_HOME=C:\Program Files\Java\jdk-10
PATH=C:\ProgramData\Oracle\Java\javapath;C:\oraclexe\app\oracle\product\11.2.0\server\bin;"C:\Program Files\Java\jdk-10\bin;C:\ProgramData\Oracle\Java\javapath";C:\Program Files (x86)\Intel\iCLS Client\;C:\Program Files\Intel\iCLS Client\;C:\WINDOWS\system32;C:\WINDOWS;C:\WINDOWS\System32\Wbem;C:\WINDOWS\System32\WindowsPowerShell\v1.0\;C:\Program Files (x86)\Intel\Intel(R) Management Engine Components\DAL;C:\Program Files\Intel\Intel(R) Management Engine Components\DAL;C:\Program Files (x86)\Intel\Intel(R) Management Engine Components\IPT;C:\Program Files\Intel\Intel(R) Management Engine Components\IPT;C:\Program Files (x86)\GtkSharp\2.12\bin;C:\Program Files\nodejs\;C:\Program Files (x86)\Windows Kits\10\Windows Performance Toolkit\;C:\Program Files\MySQL\MySQL Utilities 1.6\;C:\WINDOWS\System32\OpenSSH\;C:\Program Files\Intel\WiFi\bin\;C:\Program Files\Common Files\Intel\WirelessCommon\;C:\Program Files\Java\jdk-10\bin;C:\Users\SERIN\AppData\Roaming\npm;C:\Program Files\Bandizip\;C:\Users\SERIN\AppData\Local\Microsoft\WindowsApps;
USERNAME=SERIN
OS=Windows_NT
PROCESSOR_IDENTIFIER=Intel64 Family 6 Model 142 Stepping 9, GenuineIntel



---------------  S Y S T E M  ---------------

OS: Windows 10.0 , 64 bit Build 17134 (10.0.17134.1)

CPU:total 4 (initial active 4) (2 cores per cpu, 2 threads per core) family 6 model 142 stepping 9, cmov, cx8, fxsr, mmx, sse, sse2, sse3, ssse3, sse4.1, sse4.2, popcnt, avx, avx2, aes, clmul, erms, 3dnowpref, lzcnt, ht, tsc, tscinvbit, bmi1, bmi2, adx

Memory: 4k page, physical 8300268k(641380k free), swap 11372268k(15556k free)

vm_info: Java HotSpot(TM) 64-Bit Server VM (25.144-b01) for windows-amd64 JRE (1.8.0_144-b01), built on Jul 21 2017 21:57:33 by "java_re" with MS VC++ 10.0 (VS2010)

time: Mon Sep 24 21:58:37 2018
elapsed time: 7 seconds (0d 0h 0m 7s)

