#
# There is insufficient memory for the Java Runtime Environment to continue.
# Native memory allocation (malloc) failed to allocate 1183136 bytes for Chunk::new
# Possible reasons:
#   The system is out of physical RAM or swap space
#   In 32 bit mode, the process size limit was hit
# Possible solutions:
#   Reduce memory load on the system
#   Increase physical memory or swap space
#   Check if swap backing store is full
#   Use 64 bit Java on a 64 bit OS
#   Decrease Java heap size (-Xmx/-Xms)
#   Decrease number of Java threads
#   Decrease Java thread stack sizes (-Xss)
#   Set larger code cache with -XX:ReservedCodeCacheSize=
# This output file may be truncated or incomplete.
#
#  Out of Memory Error (allocation.cpp:390), pid=8992, tid=0x0000000000001344
#
# JRE version: Java(TM) SE Runtime Environment (8.0_144-b01) (build 1.8.0_144-b01)
# Java VM: Java HotSpot(TM) 64-Bit Server VM (25.144-b01 mixed mode windows-amd64 compressed oops)
# Failed to write core dump. Minidumps are not enabled by default on client versions of Windows
#

---------------  T H R E A D  ---------------

Current thread (0x000000001701d800):  JavaThread "C2 CompilerThread1" daemon [_thread_in_native, id=4932, stack(0x0000000018ac0000,0x0000000018bc0000)]

Stack: [0x0000000018ac0000,0x0000000018bc0000]
[error occurred during error reporting (printing stack bounds), id 0xc0000005]

Native frames: (J=compiled Java code, j=interpreted, Vv=VM code, C=native code)


Current CompileTask:
C2:  36906 3288       4       java.net.URLClassLoader$1::run (5 bytes)


---------------  P R O C E S S  ---------------

Java Threads: ( => current thread )
  0x000000001d3e4800 JavaThread "Memory manager" [_thread_blocked, id=12300, stack(0x0000000022260000,0x0000000022360000)]
  0x000000001d3e5000 JavaThread "pool-1-thread-1" [_thread_blocked, id=14864, stack(0x0000000021f60000,0x0000000022060000)]
  0x000000001d3e3800 JavaThread "build operations Thread 4" [_thread_blocked, id=12336, stack(0x0000000021a60000,0x0000000021b60000)]
  0x000000001d3e8800 JavaThread "build operations Thread 3" [_thread_blocked, id=15644, stack(0x0000000021700000,0x0000000021800000)]
  0x0000000019e39800 JavaThread "build operations Thread 2" [_thread_blocked, id=4980, stack(0x0000000021600000,0x0000000021700000)]
  0x0000000019e39000 JavaThread "build operations" [_thread_blocked, id=17056, stack(0x0000000021500000,0x0000000021600000)]
  0x0000000019e37800 JavaThread "Cache worker for Artifact transforms cache (C:\Users\SERIN\.gradle\caches\transforms-1)" [_thread_blocked, id=8324, stack(0x000000001efd0000,0x000000001f0d0000)]
  0x0000000019e3d800 JavaThread "Cache worker for file hash cache (C:\Users\SERIN\Team_Android\.gradle\4.4\fileHashes)" [_thread_blocked, id=12788, stack(0x000000001d800000,0x000000001d900000)]
  0x0000000019e3b000 JavaThread "File lock request listener" [_thread_in_native, id=2000, stack(0x000000001c730000,0x000000001c830000)]
  0x0000000019e3c800 JavaThread "Cache worker for file hash cache (C:\Users\SERIN\.gradle\caches\4.4\fileHashes)" [_thread_blocked, id=15812, stack(0x000000001c630000,0x000000001c730000)]
  0x0000000019a31800 JavaThread "Stdin handler" [_thread_blocked, id=6496, stack(0x000000001b360000,0x000000001b460000)]
  0x0000000019a30800 JavaThread "Asynchronous log dispatcher for DefaultDaemonConnection: socket connection from /127.0.0.1:53279 to /127.0.0.1:53281" [_thread_blocked, id=16744, stack(0x000000001b260000,0x000000001b360000)]
  0x0000000019a2c800 JavaThread "Daemon worker" [_thread_in_Java, id=7068, stack(0x000000001b160000,0x000000001b260000)]
  0x0000000019d3c000 JavaThread "Cancel handler" [_thread_blocked, id=17304, stack(0x000000001b060000,0x000000001b160000)]
  0x00000000199df000 JavaThread "Handler for socket connection from /127.0.0.1:53279 to /127.0.0.1:53281" [_thread_in_native, id=5240, stack(0x000000001ad60000,0x000000001ae60000)]
  0x00000000199e1000 JavaThread "Daemon" [_thread_blocked, id=1284, stack(0x000000001ac60000,0x000000001ad60000)]
  0x000000001937a000 JavaThread "Daemon periodic checks" [_thread_blocked, id=6364, stack(0x000000001ab60000,0x000000001ac60000)]
  0x0000000019488800 JavaThread "Incoming local TCP Connector on port 53279" [_thread_in_native, id=12180, stack(0x000000001a990000,0x000000001aa90000)]
  0x000000001991c000 JavaThread "Daemon health stats" [_thread_blocked, id=15684, stack(0x000000001a690000,0x000000001a790000)]
  0x000000001842d000 JavaThread "Service Thread" daemon [_thread_blocked, id=13240, stack(0x0000000018cc0000,0x0000000018dc0000)]
  0x00000000183d4000 JavaThread "C1 CompilerThread2" daemon [_thread_in_vm, id=8340, stack(0x0000000018bc0000,0x0000000018cc0000)]
=>0x000000001701d800 JavaThread "C2 CompilerThread1" daemon [_thread_in_native, id=4932, stack(0x0000000018ac0000,0x0000000018bc0000)]
  0x000000001701a800 JavaThread "C2 CompilerThread0" daemon [_thread_in_native, id=14932, stack(0x00000000189c0000,0x0000000018ac0000)]
  0x0000000016fcc000 JavaThread "Attach Listener" daemon [_thread_blocked, id=2744, stack(0x00000000188c0000,0x00000000189c0000)]
  0x00000000183c8800 JavaThread "Signal Dispatcher" daemon [_thread_blocked, id=14096, stack(0x00000000187c0000,0x00000000188c0000)]
  0x0000000016fa9000 JavaThread "Finalizer" daemon [_thread_blocked, id=15828, stack(0x0000000018230000,0x0000000018330000)]
  0x0000000003641000 JavaThread "Reference Handler" daemon [_thread_blocked, id=14856, stack(0x0000000018130000,0x0000000018230000)]
  0x0000000003553000 JavaThread "main" [_thread_blocked, id=4188, stack(0x0000000003450000,0x0000000003550000)]

Other Threads:
  0x0000000016f87800 VMThread [stack: 0x0000000018030000,0x0000000018130000] [id=11096]
  0x0000000018474800 WatcherThread [stack: 0x0000000018dc0000,0x0000000018ec0000] [id=1736]

VM state:not at safepoint (normal execution)

VM Mutex/Monitor currently owned by a thread: None

Heap:
 PSYoungGen      total 114688K, used 23034K [0x00000000e0000000, 0x00000000eaf80000, 0x0000000100000000)
  eden space 102912K, 22% used [0x00000000e0000000,0x00000000e167ebb0,0x00000000e6480000)
  from space 11776K, 0% used [0x00000000e6480000,0x00000000e6480000,0x00000000e7000000)
  to   space 11264K, 0% used [0x00000000ea480000,0x00000000ea480000,0x00000000eaf80000)
 ParOldGen       total 69120K, used 14995K [0x00000000a0000000, 0x00000000a4380000, 0x00000000e0000000)
  object space 69120K, 21% used [0x00000000a0000000,0x00000000a0ea4c80,0x00000000a4380000)
 Metaspace       used 36575K, capacity 37288K, committed 37376K, reserved 1081344K
  class space    used 5138K, capacity 5370K, committed 5376K, reserved 1048576K

Card table byte_map: [0x0000000012a10000,0x0000000012d20000] byte_map_base: 0x0000000012510000

Marking Bits: (ParMarkBitMap*) 0x0000000057edd850
 Begin Bits: [0x0000000013320000, 0x0000000014b20000)
 End Bits:   [0x0000000014b20000, 0x0000000016320000)

Polling page: 0x0000000001280000

CodeCache: size=245760Kb used=11145Kb max_used=11145Kb free=234614Kb
 bounds [0x0000000003650000, 0x0000000004140000, 0x0000000012650000]
 total_blobs=3938 nmethods=3230 adapters=620
 compilation: enabled

Compilation events (10 events):
Event: 36.883 Thread 0x00000000183d4000 nmethod 3473 0x0000000004128590 code [0x0000000004128700, 0x0000000004128a10]
Event: 36.883 Thread 0x00000000183d4000 3474       3       java.util.LinkedHashMap$LinkedEntryIterator::<init> (11 bytes)
Event: 36.883 Thread 0x00000000183d4000 nmethod 3474 0x0000000004128b90 code [0x0000000004128d00, 0x0000000004128f70]
Event: 36.883 Thread 0x00000000183d4000 3470       3       com.google.common.collect.ImmutableListMultimap::get (24 bytes)
Event: 36.883 Thread 0x00000000183d4000 nmethod 3470 0x0000000004129090 code [0x0000000004129220, 0x00000000041295c8]
Event: 36.883 Thread 0x00000000183d4000 3471       3       org.gradle.model.internal.manage.schema.extract.ModelSchemaUtils$2::<init> (5 bytes)
Event: 36.883 Thread 0x00000000183d4000 nmethod 3471 0x00000000041296d0 code [0x0000000004129820, 0x00000000041299d0]
Event: 36.883 Thread 0x00000000183d4000 3477       3       org.gradle.model.internal.manage.schema.extract.ModelSchemaUtils$2::apply (9 bytes)
Event: 36.884 Thread 0x00000000183d4000 nmethod 3477 0x0000000004129a90 code [0x0000000004129c20, 0x000000000412a230]
Event: 36.884 Thread 0x00000000183d4000 3480       3       org.gradle.model.internal.asm.AsmClassGeneratorUtils::visitType (418 bytes)

GC Heap History (10 events):
Event: 27.241 GC heap before
{Heap before GC invocations=7 (full 1):
 PSYoungGen      total 38400K, used 33280K [0x00000000e0000000, 0x00000000e5500000, 0x0000000100000000)
  eden space 33280K, 100% used [0x00000000e0000000,0x00000000e2080000,0x00000000e2080000)
  from space 5120K, 0% used [0x00000000e2080000,0x00000000e2080000,0x00000000e2580000)
  to   space 10240K, 0% used [0x00000000e4b00000,0x00000000e4b00000,0x00000000e5500000)
 ParOldGen       total 53248K, used 8212K [0x00000000a0000000, 0x00000000a3400000, 0x00000000e0000000)
  object space 53248K, 15% used [0x00000000a0000000,0x00000000a0805370,0x00000000a3400000)
 Metaspace       used 24205K, capacity 24684K, committed 24832K, reserved 1071104K
  class space    used 3398K, capacity 3531K, committed 3584K, reserved 1048576K
Event: 27.262 GC heap after
Heap after GC invocations=7 (full 1):
 PSYoungGen      total 64000K, used 4249K [0x00000000e0000000, 0x00000000e4f80000, 0x0000000100000000)
  eden space 59392K, 0% used [0x00000000e0000000,0x00000000e0000000,0x00000000e3a00000)
  from space 4608K, 92% used [0x00000000e4b00000,0x00000000e4f26700,0x00000000e4f80000)
  to   space 10240K, 0% used [0x00000000e3b80000,0x00000000e3b80000,0x00000000e4580000)
 ParOldGen       total 53248K, used 8220K [0x00000000a0000000, 0x00000000a3400000, 0x00000000e0000000)
  object space 53248K, 15% used [0x00000000a0000000,0x00000000a0807370,0x00000000a3400000)
 Metaspace       used 24205K, capacity 24684K, committed 24832K, reserved 1071104K
  class space    used 3398K, capacity 3531K, committed 3584K, reserved 1048576K
}
Event: 29.153 GC heap before
{Heap before GC invocations=8 (full 1):
 PSYoungGen      total 64000K, used 63641K [0x00000000e0000000, 0x00000000e4f80000, 0x0000000100000000)
  eden space 59392K, 100% used [0x00000000e0000000,0x00000000e3a00000,0x00000000e3a00000)
  from space 4608K, 92% used [0x00000000e4b00000,0x00000000e4f26700,0x00000000e4f80000)
  to   space 10240K, 0% used [0x00000000e3b80000,0x00000000e3b80000,0x00000000e4580000)
 ParOldGen       total 53248K, used 8220K [0x00000000a0000000, 0x00000000a3400000, 0x00000000e0000000)
  object space 53248K, 15% used [0x00000000a0000000,0x00000000a0807370,0x00000000a3400000)
 Metaspace       used 28101K, capacity 28652K, committed 28800K, reserved 1073152K
  class space    used 4008K, capacity 4189K, committed 4224K, reserved 1048576K
Event: 29.165 GC heap after
Heap after GC invocations=8 (full 1):
 PSYoungGen      total 71168K, used 7676K [0x00000000e0000000, 0x00000000e7a00000, 0x0000000100000000)
  eden space 60928K, 0% used [0x00000000e0000000,0x00000000e0000000,0x00000000e3b80000)
  from space 10240K, 74% used [0x00000000e3b80000,0x00000000e42ff070,0x00000000e4580000)
  to   space 10240K, 0% used [0x00000000e7000000,0x00000000e7000000,0x00000000e7a00000)
 ParOldGen       total 53248K, used 8228K [0x00000000a0000000, 0x00000000a3400000, 0x00000000e0000000)
  object space 53248K, 15% used [0x00000000a0000000,0x00000000a0809370,0x00000000a3400000)
 Metaspace       used 28101K, capacity 28652K, committed 28800K, reserved 1073152K
  class space    used 4008K, capacity 4189K, committed 4224K, reserved 1048576K
}
Event: 36.135 GC heap before
{Heap before GC invocations=9 (full 1):
 PSYoungGen      total 71168K, used 68604K [0x00000000e0000000, 0x00000000e7a00000, 0x0000000100000000)
  eden space 60928K, 100% used [0x00000000e0000000,0x00000000e3b80000,0x00000000e3b80000)
  from space 10240K, 74% used [0x00000000e3b80000,0x00000000e42ff070,0x00000000e4580000)
  to   space 10240K, 0% used [0x00000000e7000000,0x00000000e7000000,0x00000000e7a00000)
 ParOldGen       total 53248K, used 8228K [0x00000000a0000000, 0x00000000a3400000, 0x00000000e0000000)
  object space 53248K, 15% used [0x00000000a0000000,0x00000000a0809370,0x00000000a3400000)
 Metaspace       used 33717K, capacity 34352K, committed 34432K, reserved 1079296K
  class space    used 4794K, capacity 4966K, committed 4992K, reserved 1048576K
Event: 36.153 GC heap after
Heap after GC invocations=9 (full 1):
 PSYoungGen      total 113152K, used 10238K [0x00000000e0000000, 0x00000000e7d80000, 0x0000000100000000)
  eden space 102912K, 0% used [0x00000000e0000000,0x00000000e0000000,0x00000000e6480000)
  from space 10240K, 99% used [0x00000000e7000000,0x00000000e79ff9e8,0x00000000e7a00000)
  to   space 11776K, 0% used [0x00000000e6480000,0x00000000e6480000,0x00000000e7000000)
 ParOldGen       total 53248K, used 9140K [0x00000000a0000000, 0x00000000a3400000, 0x00000000e0000000)
  object space 53248K, 17% used [0x00000000a0000000,0x00000000a08ed088,0x00000000a3400000)
 Metaspace       used 33717K, capacity 34352K, committed 34432K, reserved 1079296K
  class space    used 4794K, capacity 4966K, committed 4992K, reserved 1048576K
}
Event: 36.307 GC heap before
{Heap before GC invocations=10 (full 1):
 PSYoungGen      total 113152K, used 17749K [0x00000000e0000000, 0x00000000e7d80000, 0x0000000100000000)
  eden space 102912K, 7% used [0x00000000e0000000,0x00000000e0755c40,0x00000000e6480000)
  from space 10240K, 99% used [0x00000000e7000000,0x00000000e79ff9e8,0x00000000e7a00000)
  to   space 11776K, 0% used [0x00000000e6480000,0x00000000e6480000,0x00000000e7000000)
 ParOldGen       total 53248K, used 9140K [0x00000000a0000000, 0x00000000a3400000, 0x00000000e0000000)
  object space 53248K, 17% used [0x00000000a0000000,0x00000000a08ed088,0x00000000a3400000)
 Metaspace       used 34817K, capacity 35408K, committed 35496K, reserved 1079296K
  class space    used 4899K, capacity 5062K, committed 5120K, reserved 1048576K
Event: 36.321 GC heap after
Heap after GC invocations=10 (full 1):
 PSYoungGen      total 114688K, used 6600K [0x00000000e0000000, 0x00000000eaf80000, 0x0000000100000000)
  eden space 102912K, 0% used [0x00000000e0000000,0x00000000e0000000,0x00000000e6480000)
  from space 11776K, 56% used [0x00000000e6480000,0x00000000e6af2008,0x00000000e7000000)
  to   space 11264K, 0% used [0x00000000ea480000,0x00000000ea480000,0x00000000eaf80000)
 ParOldGen       total 53248K, used 10980K [0x00000000a0000000, 0x00000000a3400000, 0x00000000e0000000)
  object space 53248K, 20% used [0x00000000a0000000,0x00000000a0ab9118,0x00000000a3400000)
 Metaspace       used 34817K, capacity 35408K, committed 35496K, reserved 1079296K
  class space    used 4899K, capacity 5062K, committed 5120K, reserved 1048576K
}
Event: 36.321 GC heap before
{Heap before GC invocations=11 (full 2):
 PSYoungGen      total 114688K, used 6600K [0x00000000e0000000, 0x00000000eaf80000, 0x0000000100000000)
  eden space 102912K, 0% used [0x00000000e0000000,0x00000000e0000000,0x00000000e6480000)
  from space 11776K, 56% used [0x00000000e6480000,0x00000000e6af2008,0x00000000e7000000)
  to   space 11264K, 0% used [0x00000000ea480000,0x00000000ea480000,0x00000000eaf80000)
 ParOldGen       total 53248K, used 10980K [0x00000000a0000000, 0x00000000a3400000, 0x00000000e0000000)
  object space 53248K, 20% used [0x00000000a0000000,0x00000000a0ab9118,0x00000000a3400000)
 Metaspace       used 34817K, capacity 35408K, committed 35496K, reserved 1079296K
  class space    used 4899K, capacity 5062K, committed 5120K, reserved 1048576K
Event: 36.456 GC heap after
Heap after GC invocations=11 (full 2):
 PSYoungGen      total 114688K, used 0K [0x00000000e0000000, 0x00000000eaf80000, 0x0000000100000000)
  eden space 102912K, 0% used [0x00000000e0000000,0x00000000e0000000,0x00000000e6480000)
  from space 11776K, 0% used [0x00000000e6480000,0x00000000e6480000,0x00000000e7000000)
  to   space 11264K, 0% used [0x00000000ea480000,0x00000000ea480000,0x00000000eaf80000)
 ParOldGen       total 69120K, used 14995K [0x00000000a0000000, 0x00000000a4380000, 0x00000000e0000000)
  object space 69120K, 21% used [0x00000000a0000000,0x00000000a0ea4c80,0x00000000a4380000)
 Metaspace       used 34817K, capacity 35408K, committed 35496K, reserved 1079296K
  class space    used 4899K, capacity 5062K, committed 5120K, reserved 1048576K
}

Deoptimization events (10 events):
Event: 30.410 Thread 0x0000000019a2c800 Uncommon trap: reason=unstable_if action=reinterpret pc=0x0000000003fe167c method=com.esotericsoftware.kryo.io.Output.writeString(Ljava/lang/CharSequence;)V @ 50
Event: 30.913 Thread 0x0000000019a2c800 Uncommon trap: reason=unstable_if action=reinterpret pc=0x0000000003aec598 method=java.lang.ThreadLocal$ThreadLocalMap.set(Ljava/lang/ThreadLocal;Ljava/lang/Object;)V @ 119
Event: 32.874 Thread 0x0000000019a2c800 Uncommon trap: reason=unstable_if action=reinterpret pc=0x000000000394c338 method=java.util.jar.JarFile.match([C[B[I[I)Z @ 29
Event: 35.490 Thread 0x0000000019e3d800 Uncommon trap: reason=bimorphic action=maybe_recompile pc=0x0000000003c0fd84 method=java.io.BufferedInputStream.read([BII)I @ 101
Event: 35.678 Thread 0x0000000019a2c800 Uncommon trap: reason=class_check action=maybe_recompile pc=0x0000000003c0fd98 method=java.io.BufferedInputStream.read1([BII)I @ 39
Event: 35.678 Thread 0x0000000019a2c800 Uncommon trap: reason=class_check action=maybe_recompile pc=0x0000000003c0fd98 method=java.io.BufferedInputStream.read1([BII)I @ 39
Event: 35.678 Thread 0x0000000019a2c800 Uncommon trap: reason=class_check action=maybe_recompile pc=0x0000000003c0fd98 method=java.io.BufferedInputStream.read1([BII)I @ 39
Event: 36.875 Thread 0x0000000019a2c800 Uncommon trap: reason=unstable_if action=reinterpret pc=0x0000000003ed81b8 method=java.util.HashMap.putVal(ILjava/lang/Object;Ljava/lang/Object;ZZ)Ljava/lang/Object; @ 162
Event: 36.875 Thread 0x0000000019a2c800 Uncommon trap: reason=unstable_if action=reinterpret pc=0x0000000003eb8060 method=java.util.HashMap.putVal(ILjava/lang/Object;Ljava/lang/Object;ZZ)Ljava/lang/Object; @ 162
Event: 36.875 Thread 0x0000000019a2c800 Uncommon trap: reason=unstable_if action=reinterpret pc=0x000000000391dbc4 method=java.util.HashMap.resize()[Ljava/util/HashMap$Node; @ 206

Internal exceptions (10 events):
Event: 35.439 Thread 0x0000000019a2c800 Exception <a 'java/lang/ClassNotFoundException': org/gradle/api/DefaultTaskCustomizer> (0x00000000e27e93e0) thrown at [C:\re\workspace\8-2-build-windows-amd64-cygwin\jdk8u144\9417\hotspot\src\share\vm\classfile\systemDictionary.cpp, line 210]
Event: 35.441 Thread 0x0000000019a2c800 Exception <a 'java/lang/ClassNotFoundException': org/gradle/api/internal/ConventionTaskCustomizer> (0x00000000e2824168) thrown at [C:\re\workspace\8-2-build-windows-amd64-cygwin\jdk8u144\9417\hotspot\src\share\vm\classfile\systemDictionary.cpp, line 210]
Event: 35.442 Thread 0x0000000019a2c800 Exception <a 'java/lang/ClassNotFoundException': org/gradle/api/tasks/DeleteCustomizer> (0x00000000e285caa0) thrown at [C:\re\workspace\8-2-build-windows-amd64-cygwin\jdk8u144\9417\hotspot\src\share\vm\classfile\systemDictionary.cpp, line 210]
Event: 35.445 Thread 0x0000000019a2c800 Exception <a 'java/lang/ClassNotFoundException': org/gradle/api/tasks/Delete_DecoratedCustomizer> (0x00000000e28a32d8) thrown at [C:\re\workspace\8-2-build-windows-amd64-cygwin\jdk8u144\9417\hotspot\src\share\vm\classfile\systemDictionary.cpp, line 210]
Event: 35.551 Thread 0x0000000019a2c800 Exception <a 'java/lang/ClassNotFoundException': build_bmwjkqhxhdoutkva4ekmo3ruuBeanInfo> (0x00000000e29c64d0) thrown at [C:\re\workspace\8-2-build-windows-amd64-cygwin\jdk8u144\9417\hotspot\src\share\vm\classfile\systemDictionary.cpp, line 210]
Event: 35.552 Thread 0x0000000019a2c800 Exception <a 'java/lang/ClassNotFoundException': build_bmwjkqhxhdoutkva4ekmo3ruuCustomizer> (0x00000000e29d0c78) thrown at [C:\re\workspace\8-2-build-windows-amd64-cygwin\jdk8u144\9417\hotspot\src\share\vm\classfile\systemDictionary.cpp, line 210]
Event: 35.557 Thread 0x0000000019a2c800 Exception <a 'java/lang/ClassNotFoundException': org/gradle/api/internal/plugins/DefaultObjectConfigurationActionBeanInfo> (0x00000000e2a380a0) thrown at [C:\re\workspace\8-2-build-windows-amd64-cygwin\jdk8u144\9417\hotspot\src\share\vm\classfile\systemDi
Event: 35.557 Thread 0x0000000019a2c800 Exception <a 'java/lang/ClassNotFoundException': org/gradle/api/internal/plugins/DefaultObjectConfigurationActionCustomizer> (0x00000000e2a70058) thrown at [C:\re\workspace\8-2-build-windows-amd64-cygwin\jdk8u144\9417\hotspot\src\share\vm\classfile\system
Event: 36.125 Thread 0x0000000019a2c800 Exception <a 'sun/nio/fs/WindowsException'> (0x00000000e3a9fc08) thrown at [C:\re\workspace\8-2-build-windows-amd64-cygwin\jdk8u144\9417\hotspot\src\share\vm\prims\jni.cpp, line 709]
Event: 36.631 Thread 0x0000000019a2c800 Exception <a 'sun/nio/fs/WindowsException'> (0x00000000e0675878) thrown at [C:\re\workspace\8-2-build-windows-amd64-cygwin\jdk8u144\9417\hotspot\src\share\vm\prims\jni.cpp, line 709]

Events (10 events):
Event: 36.861 loading class org/apache/tools/ant/TaskContainer done
Event: 36.875 Thread 0x0000000019a2c800 Uncommon trap: trap_request=0xffffff65 fr.pc=0x0000000003ed81b8
Event: 36.875 Thread 0x0000000019a2c800 DEOPT PACKING pc=0x0000000003ed81b8 sp=0x000000001b25a1e0
Event: 36.875 Thread 0x0000000019a2c800 DEOPT UNPACKING pc=0x000000000369582a sp=0x000000001b25a0e0 mode 2
Event: 36.875 Thread 0x0000000019a2c800 Uncommon trap: trap_request=0xffffff65 fr.pc=0x0000000003eb8060
Event: 36.875 Thread 0x0000000019a2c800 DEOPT PACKING pc=0x0000000003eb8060 sp=0x000000001b25a140
Event: 36.875 Thread 0x0000000019a2c800 DEOPT UNPACKING pc=0x000000000369582a sp=0x000000001b25a0d8 mode 2
Event: 36.875 Thread 0x0000000019a2c800 Uncommon trap: trap_request=0xffffff65 fr.pc=0x000000000391dbc4
Event: 36.875 Thread 0x0000000019a2c800 DEOPT PACKING pc=0x000000000391dbc4 sp=0x000000001b25a0b0
Event: 36.875 Thread 0x0000000019a2c800 DEOPT UNPACKING pc=0x000000000369582a sp=0x000000001b25a020 mode 2


Dynamic libraries:
0x00007ff756a60000 - 0x00007ff756a97000 	C:\Program Files\Java\jdk1.8.0_144\bin\java.exe
0x00007fff9cb80000 - 0x00007fff9cd61000 	C:\WINDOWS\SYSTEM32\ntdll.dll
0x00007fff9c420000 - 0x00007fff9c4d2000 	C:\WINDOWS\System32\KERNEL32.DLL
0x00007fff98f50000 - 0x00007fff991c3000 	C:\WINDOWS\System32\KERNELBASE.dll
0x00007fff9af30000 - 0x00007fff9afd1000 	C:\WINDOWS\System32\ADVAPI32.dll
0x00007fff9ace0000 - 0x00007fff9ad7e000 	C:\WINDOWS\System32\msvcrt.dll
0x00007fff9ad80000 - 0x00007fff9addb000 	C:\WINDOWS\System32\sechost.dll
0x00007fff9abb0000 - 0x00007fff9acd4000 	C:\WINDOWS\System32\RPCRT4.dll
0x00007fff9a350000 - 0x00007fff9a4e0000 	C:\WINDOWS\System32\USER32.dll
0x00007fff99d90000 - 0x00007fff99db0000 	C:\WINDOWS\System32\win32u.dll
0x00007fff9c9c0000 - 0x00007fff9c9e8000 	C:\WINDOWS\System32\GDI32.dll
0x00007fff99440000 - 0x00007fff995d2000 	C:\WINDOWS\System32\gdi32full.dll
0x00007fff995e0000 - 0x00007fff9967f000 	C:\WINDOWS\System32\msvcp_win.dll
0x00007fff99db0000 - 0x00007fff99eaa000 	C:\WINDOWS\System32\ucrtbase.dll
0x00007fff8c980000 - 0x00007fff8cbe9000 	C:\WINDOWS\WinSxS\amd64_microsoft.windows.common-controls_6595b64144ccf1df_6.0.17134.285_none_fb4297e330656775\COMCTL32.dll
0x00007fff9a010000 - 0x00007fff9a333000 	C:\WINDOWS\System32\combase.dll
0x00007fff991d0000 - 0x00007fff9924a000 	C:\WINDOWS\System32\bcryptPrimitives.dll
0x00007fff9c4e0000 - 0x00007fff9c50d000 	C:\WINDOWS\System32\IMM32.DLL
0x000000005b370000 - 0x000000005b442000 	C:\Program Files\Java\jdk1.8.0_144\jre\bin\msvcr100.dll
0x00000000576c0000 - 0x0000000057f5d000 	C:\Program Files\Java\jdk1.8.0_144\jre\bin\server\jvm.dll
0x00007fff9a340000 - 0x00007fff9a348000 	C:\WINDOWS\System32\PSAPI.DLL
0x00007fff908a0000 - 0x00007fff908c3000 	C:\WINDOWS\SYSTEM32\WINMM.dll
0x00007fff8d120000 - 0x00007fff8d12a000 	C:\WINDOWS\SYSTEM32\VERSION.dll
0x00007fff8d6c0000 - 0x00007fff8d6c9000 	C:\WINDOWS\SYSTEM32\WSOCK32.dll
0x00007fff90690000 - 0x00007fff906ba000 	C:\WINDOWS\SYSTEM32\winmmbase.dll
0x00007fff9cac0000 - 0x00007fff9cb2c000 	C:\WINDOWS\System32\WS2_32.dll
0x00007fff99f60000 - 0x00007fff99fa9000 	C:\WINDOWS\System32\cfgmgr32.dll
0x000000005b360000 - 0x000000005b36f000 	C:\Program Files\Java\jdk1.8.0_144\jre\bin\verify.dll
0x000000005b330000 - 0x000000005b359000 	C:\Program Files\Java\jdk1.8.0_144\jre\bin\java.dll
0x000000005b310000 - 0x000000005b326000 	C:\Program Files\Java\jdk1.8.0_144\jre\bin\zip.dll
0x00007fff9afe0000 - 0x00007fff9c420000 	C:\WINDOWS\System32\SHELL32.dll
0x00007fff9a6a0000 - 0x00007fff9a749000 	C:\WINDOWS\System32\shcore.dll
0x00007fff99680000 - 0x00007fff99d8d000 	C:\WINDOWS\System32\windows.storage.dll
0x00007fff9c510000 - 0x00007fff9c561000 	C:\WINDOWS\System32\shlwapi.dll
0x00007fff98f10000 - 0x00007fff98f21000 	C:\WINDOWS\System32\kernel.appcore.dll
0x00007fff98ee0000 - 0x00007fff98eff000 	C:\WINDOWS\System32\profapi.dll
0x00007fff98e90000 - 0x00007fff98edc000 	C:\WINDOWS\System32\powrprof.dll
0x00007fff98f00000 - 0x00007fff98f0a000 	C:\WINDOWS\System32\FLTLIB.DLL
0x000000005b2f0000 - 0x000000005b30a000 	C:\Program Files\Java\jdk1.8.0_144\jre\bin\net.dll
0x00007fff986b0000 - 0x00007fff98716000 	C:\WINDOWS\system32\mswsock.dll
0x000000005b2d0000 - 0x000000005b2e1000 	C:\Program Files\Java\jdk1.8.0_144\jre\bin\nio.dll
0x00007fff907a0000 - 0x00007fff907be000 	C:\Users\SERIN\.gradle\native\25\windows-amd64\native-platform.dll
0x000000005b2c0000 - 0x000000005b2cd000 	C:\Program Files\Java\jdk1.8.0_144\jre\bin\management.dll
0x00007fff988c0000 - 0x00007fff988d7000 	C:\WINDOWS\SYSTEM32\CRYPTSP.dll
0x00007fff98290000 - 0x00007fff982c3000 	C:\WINDOWS\system32\rsaenh.dll
0x00007fff989f0000 - 0x00007fff98a15000 	C:\WINDOWS\SYSTEM32\bcrypt.dll
0x00007fff98d90000 - 0x00007fff98db8000 	C:\WINDOWS\SYSTEM32\USERENV.dll
0x00007fff988e0000 - 0x00007fff988eb000 	C:\WINDOWS\SYSTEM32\CRYPTBASE.dll
0x00007fff98430000 - 0x00007fff98468000 	C:\WINDOWS\SYSTEM32\IPHLPAPI.DLL
0x00007fff9a4e0000 - 0x00007fff9a4e8000 	C:\WINDOWS\System32\NSI.dll
0x00007fff918e0000 - 0x00007fff918f6000 	C:\WINDOWS\SYSTEM32\dhcpcsvc6.DLL
0x00007fff918c0000 - 0x00007fff918da000 	C:\WINDOWS\SYSTEM32\dhcpcsvc.DLL

VM Arguments:
jvm_args: -Xmx1536m -Dfile.encoding=x-windows-949 -Duser.country=KR -Duser.language=ko -Duser.variant 
java_command: org.gradle.launcher.daemon.bootstrap.GradleDaemon 4.4
java_class_path (initial): C:\Users\SERIN\.gradle\wrapper\dists\gradle-4.4-all\9br9xq1tocpiv8o6njlyu5op1\gradle-4.4\lib\gradle-launcher-4.4.jar
Launcher Type: SUN_STANDARD

Environment Variables:
JAVA_HOME=C:\Program Files\Java\jdk-10
PATH=C:\ProgramData\Oracle\Java\javapath;C:\oraclexe\app\oracle\product\11.2.0\server\bin;"C:\Program Files\Java\jdk-10\bin;C:\ProgramData\Oracle\Java\javapath";C:\Program Files (x86)\Intel\iCLS Client\;C:\Program Files\Intel\iCLS Client\;C:\WINDOWS\system32;C:\WINDOWS;C:\WINDOWS\System32\Wbem;C:\WINDOWS\System32\WindowsPowerShell\v1.0\;C:\Program Files (x86)\Intel\Intel(R) Management Engine Components\DAL;C:\Program Files\Intel\Intel(R) Management Engine Components\DAL;C:\Program Files (x86)\Intel\Intel(R) Management Engine Components\IPT;C:\Program Files\Intel\Intel(R) Management Engine Components\IPT;C:\Program Files (x86)\GtkSharp\2.12\bin;C:\Program Files\nodejs\;C:\Program Files (x86)\Windows Kits\10\Windows Performance Toolkit\;C:\Program Files\MySQL\MySQL Utilities 1.6\;C:\WINDOWS\System32\OpenSSH\;C:\Program Files\Intel\WiFi\bin\;C:\Program Files\Common Files\Intel\WirelessCommon\;C:\Program Files\Java\jdk-10\bin;C:\Users\SERIN\AppData\Roaming\npm;C:\Program Files\Bandizip\;C:\Users\SERIN\AppData\Local\Microsoft\WindowsApps;
USERNAME=SERIN
OS=Windows_NT
PROCESSOR_IDENTIFIER=Intel64 Family 6 Model 142 Stepping 9, GenuineIntel



---------------  S Y S T E M  ---------------

OS: Windows 10.0 , 64 bit Build 17134 (10.0.17134.1)

CPU:total 4 (initial active 4) (2 cores per cpu, 2 threads per core) family 6 model 142 stepping 9, cmov, cx8, fxsr, mmx, sse, sse2, sse3, ssse3, sse4.1, sse4.2, popcnt, avx, avx2, aes, clmul, erms, 3dnowpref, lzcnt, ht, tsc, tscinvbit, bmi1, bmi2, adx

Memory: 4k page, physical 8300268k(1086992k free), swap 11372268k(5180k free)

vm_info: Java HotSpot(TM) 64-Bit Server VM (25.144-b01) for windows-amd64 JRE (1.8.0_144-b01), built on Jul 21 2017 21:57:33 by "java_re" with MS VC++ 10.0 (VS2010)

time: Sat Sep 29 21:28:12 2018
elapsed time: 36 seconds (0d 0h 0m 36s)

