#
# There is insufficient memory for the Java Runtime Environment to continue.
# Native memory allocation (malloc) failed to allocate 771536 bytes for Chunk::new
# Possible reasons:
#   The system is out of physical RAM or swap space
#   In 32 bit mode, the process size limit was hit
# Possible solutions:
#   Reduce memory load on the system
#   Increase physical memory or swap space
#   Check if swap backing store is full
#   Use 64 bit Java on a 64 bit OS
#   Decrease Java heap size (-Xmx/-Xms)
#   Decrease number of Java threads
#   Decrease Java thread stack sizes (-Xss)
#   Set larger code cache with -XX:ReservedCodeCacheSize=
# This output file may be truncated or incomplete.
#
#  Out of Memory Error (allocation.cpp:390), pid=8008, tid=0x0000000000003ad0
#
# JRE version: Java(TM) SE Runtime Environment (8.0_144-b01) (build 1.8.0_144-b01)
# Java VM: Java HotSpot(TM) 64-Bit Server VM (25.144-b01 mixed mode windows-amd64 compressed oops)
# Failed to write core dump. Minidumps are not enabled by default on client versions of Windows
#

---------------  T H R E A D  ---------------

Current thread (0x000000001702a800):  JavaThread "C2 CompilerThread0" daemon [_thread_in_native, id=15056, stack(0x0000000018940000,0x0000000018a40000)]

Stack: [0x0000000018940000,0x0000000018a40000]
[error occurred during error reporting (printing stack bounds), id 0xc0000005]

Native frames: (J=compiled Java code, j=interpreted, Vv=VM code, C=native code)


Current CompileTask:
C2:  15116 6188       4       org.jetbrains.kotlin.parsing.KotlinExpressionParsing$Precedence::parseHigherPrecedence (30 bytes)


---------------  P R O C E S S  ---------------

Java Threads: ( => current thread )
  0x00000000190d5000 JavaThread "RMI RenewClean-[localhost:51674,org.jetbrains.kotlin.daemon.common.LoopbackNetworkInterface$ClientLoopbackSocketFactory@543b66e6]" daemon [_thread_blocked, id=10640, stack(0x000000001a210000,0x000000001a310000)]
  0x000000001927a800 JavaThread "RMI TCP Connection(2)-127.0.0.1" daemon [_thread_in_vm, id=18176, stack(0x000000001a110000,0x000000001a210000)]
  0x000000001907c000 JavaThread "RMI Scheduler(0)" daemon [_thread_blocked, id=16164, stack(0x000000001a010000,0x000000001a110000)]
  0x00000000190a0800 JavaThread "RMI TCP Connection(1)-127.0.0.1" daemon [_thread_in_native, id=13940, stack(0x0000000019f10000,0x000000001a010000)]
  0x000000000345e000 JavaThread "DestroyJavaVM" [_thread_blocked, id=2476, stack(0x00000000032d0000,0x00000000033d0000)]
  0x000000001906d000 JavaThread "GC Daemon" daemon [_thread_blocked, id=18628, stack(0x0000000019d40000,0x0000000019e40000)]
  0x0000000019069800 JavaThread "RMI Reaper" [_thread_blocked, id=20000, stack(0x0000000019c40000,0x0000000019d40000)]
  0x0000000019021800 JavaThread "Timer-0" daemon [_thread_blocked, id=864, stack(0x0000000019840000,0x0000000019940000)]
  0x000000001901e800 JavaThread "RMI TCP Accept-17742" daemon [_thread_in_native, id=2904, stack(0x0000000019740000,0x0000000019840000)]
  0x000000001839f000 JavaThread "Service Thread" daemon [_thread_blocked, id=4132, stack(0x0000000018c40000,0x0000000018d40000)]
  0x000000001834b000 JavaThread "C1 CompilerThread2" daemon [_thread_in_native, id=11640, stack(0x0000000018b40000,0x0000000018c40000)]
  0x000000001702d800 JavaThread "C2 CompilerThread1" daemon [_thread_blocked, id=11000, stack(0x0000000018a40000,0x0000000018b40000)]
=>0x000000001702a800 JavaThread "C2 CompilerThread0" daemon [_thread_in_native, id=15056, stack(0x0000000018940000,0x0000000018a40000)]
  0x0000000017029000 JavaThread "Attach Listener" daemon [_thread_blocked, id=8788, stack(0x0000000018840000,0x0000000018940000)]
  0x0000000016fde800 JavaThread "Signal Dispatcher" daemon [_thread_blocked, id=16488, stack(0x0000000018740000,0x0000000018840000)]
  0x0000000003657000 JavaThread "Finalizer" daemon [_thread_blocked, id=20128, stack(0x0000000018240000,0x0000000018340000)]
  0x0000000003651000 JavaThread "Reference Handler" daemon [_thread_blocked, id=8636, stack(0x0000000018140000,0x0000000018240000)]

Other Threads:
  0x0000000016f98000 VMThread [stack: 0x0000000018040000,0x0000000018140000] [id=15992]
  0x00000000183ee800 WatcherThread [stack: 0x0000000018d40000,0x0000000018e40000] [id=18952]

VM state:not at safepoint (normal execution)

VM Mutex/Monitor currently owned by a thread: None

Heap:
 PSYoungGen      total 87552K, used 21959K [0x00000000e0000000, 0x00000000e7800000, 0x0000000100000000)
  eden space 57856K, 36% used [0x00000000e0000000,0x00000000e14d1dc0,0x00000000e3880000)
  from space 29696K, 2% used [0x00000000e3880000,0x00000000e3920000,0x00000000e5580000)
  to   space 29696K, 0% used [0x00000000e5b00000,0x00000000e5b00000,0x00000000e7800000)
 ParOldGen       total 66560K, used 52019K [0x00000000a0000000, 0x00000000a4100000, 0x00000000e0000000)
  object space 66560K, 78% used [0x00000000a0000000,0x00000000a32ccf30,0x00000000a4100000)
 Metaspace       used 47134K, capacity 47980K, committed 48512K, reserved 1091584K
  class space    used 5964K, capacity 6166K, committed 6272K, reserved 1048576K

Card table byte_map: [0x0000000012a20000,0x0000000012d30000] byte_map_base: 0x0000000012520000

Marking Bits: (ParMarkBitMap*) 0x0000000058fad850
 Begin Bits: [0x0000000013330000, 0x0000000014b30000)
 End Bits:   [0x0000000014b30000, 0x0000000016330000)

Polling page: 0x0000000000ff0000

CodeCache: size=245760Kb used=20648Kb max_used=20659Kb free=225111Kb
 bounds [0x0000000003660000, 0x0000000004aa0000, 0x0000000012660000]
 total_blobs=6247 nmethods=5758 adapters=400
 compilation: enabled

Compilation events (10 events):
Event: 15.092 Thread 0x000000001834b000 6216       3       org.jetbrains.kotlin.cli.jvm.index.JvmDependenciesIndex$DefaultImpls::traverseDirectoriesInPackage$default (39 bytes)
Event: 15.093 Thread 0x000000001834b000 nmethod 6216 0x0000000004a99010 code [0x0000000004a991a0, 0x0000000004a99618]
Event: 15.093 Thread 0x000000001834b000 6218       3       org.jetbrains.kotlin.serialization.ProtoBuf$PackageFragment::getClass_ (14 bytes)
Event: 15.093 Thread 0x000000001834b000 nmethod 6218 0x0000000004a99810 code [0x0000000004a99980, 0x0000000004a99c88]
Event: 15.095 Thread 0x000000001834b000 6219       3       org.jetbrains.kotlin.types.KotlinTypeKt::isError (47 bytes)
Event: 15.096 Thread 0x000000001834b000 nmethod 6219 0x0000000004a99d50 code [0x0000000004a99f00, 0x0000000004a9a708]
Event: 15.096 Thread 0x000000001834b000 6220       3       org.jetbrains.kotlin.com.intellij.psi.search.GlobalSearchScope$NotScope::contains (57 bytes)
Event: 15.097 Thread 0x000000001834b000 nmethod 6220 0x0000000004a9a890 code [0x0000000004a9ab00, 0x0000000004a9bb88]
Event: 15.098 Thread 0x000000001834b000 6221       3       org.jetbrains.kotlin.resolve.calls.tower.ExplicitReceiverScopeTowerProcessor::simpleProcess (53 bytes)
Event: 15.099 Thread 0x000000001834b000 nmethod 6221 0x0000000004a9c450 code [0x0000000004a9c620, 0x0000000004a9ce48]

GC Heap History (10 events):
Event: 14.060 GC heap before
{Heap before GC invocations=26 (full 9):
 PSYoungGen      total 69632K, used 51697K [0x00000000e0000000, 0x00000000e5c80000, 0x0000000100000000)
  eden space 54784K, 94% used [0x00000000e0000000,0x00000000e327c778,0x00000000e3580000)
  from space 14848K, 0% used [0x00000000e4680000,0x00000000e4680000,0x00000000e5500000)
  to   space 17408K, 0% used [0x00000000e3580000,0x00000000e3580000,0x00000000e4680000)
 ParOldGen       total 66560K, used 38394K [0x00000000a0000000, 0x00000000a4100000, 0x00000000e0000000)
  object space 66560K, 57% used [0x00000000a0000000,0x00000000a257ebc8,0x00000000a4100000)
 Metaspace       used 44803K, capacity 45582K, committed 45952K, reserved 1089536K
  class space    used 5686K, capacity 5891K, committed 6016K, reserved 1048576K
Event: 14.066 GC heap after
Heap after GC invocations=26 (full 9):
 PSYoungGen      total 69632K, used 51697K [0x00000000e0000000, 0x00000000e5c80000, 0x0000000100000000)
  eden space 54784K, 94% used [0x00000000e0000000,0x00000000e327c778,0x00000000e3580000)
  from space 14848K, 0% used [0x00000000e4680000,0x00000000e4680000,0x00000000e5500000)
  to   space 17408K, 60% used [0x00000000e3580000,0x00000000e3fb43a8,0x00000000e4680000)
 ParOldGen       total 66560K, used 38394K [0x00000000a0000000, 0x00000000a4100000, 0x00000000e0000000)
  object space 66560K, 57% used [0x00000000a0000000,0x00000000a257ebc8,0x00000000a4100000)
 Metaspace       used 44803K, capacity 45582K, committed 45952K, reserved 1089536K
  class space    used 5686K, capacity 5891K, committed 6016K, reserved 1048576K
}
Event: 14.066 GC heap before
{Heap before GC invocations=27 (full 10):
 PSYoungGen      total 69632K, used 51697K [0x00000000e0000000, 0x00000000e5c80000, 0x0000000100000000)
  eden space 54784K, 94% used [0x00000000e0000000,0x00000000e327c778,0x00000000e3580000)
  from space 14848K, 0% used [0x00000000e4680000,0x00000000e4680000,0x00000000e5500000)
  to   space 17408K, 60% used [0x00000000e3580000,0x00000000e3fb43a8,0x00000000e4680000)
 ParOldGen       total 66560K, used 38394K [0x00000000a0000000, 0x00000000a4100000, 0x00000000e0000000)
  object space 66560K, 57% used [0x00000000a0000000,0x00000000a257ebc8,0x00000000a4100000)
 Metaspace       used 44803K, capacity 45582K, committed 45952K, reserved 1089536K
  class space    used 5686K, capacity 5891K, committed 6016K, reserved 1048576K
Event: 14.290 GC heap after
Heap after GC invocations=27 (full 10):
 PSYoungGen      total 69632K, used 51377K [0x00000000e0000000, 0x00000000e5c80000, 0x0000000100000000)
  eden space 54784K, 93% used [0x00000000e0000000,0x00000000e322c680,0x00000000e3580000)
  from space 14848K, 0% used [0x00000000e4680000,0x00000000e4680000,0x00000000e5500000)
  to   space 17408K, 0% used [0x00000000e3580000,0x00000000e3580000,0x00000000e4680000)
 ParOldGen       total 66560K, used 37848K [0x00000000a0000000, 0x00000000a4100000, 0x00000000e0000000)
  object space 66560K, 56% used [0x00000000a0000000,0x00000000a24f6278,0x00000000a4100000)
 Metaspace       used 44803K, capacity 45582K, committed 45952K, reserved 1089536K
  class space    used 5686K, capacity 5891K, committed 6016K, reserved 1048576K
}
Event: 14.314 GC heap before
{Heap before GC invocations=28 (full 10):
 PSYoungGen      total 69632K, used 53328K [0x00000000e0000000, 0x00000000e5c80000, 0x0000000100000000)
  eden space 54784K, 97% used [0x00000000e0000000,0x00000000e3414380,0x00000000e3580000)
  from space 14848K, 0% used [0x00000000e4680000,0x00000000e4680000,0x00000000e5500000)
  to   space 17408K, 0% used [0x00000000e3580000,0x00000000e3580000,0x00000000e4680000)
 ParOldGen       total 66560K, used 52011K [0x00000000a0000000, 0x00000000a4100000, 0x00000000e0000000)
  object space 66560K, 78% used [0x00000000a0000000,0x00000000a32caf30,0x00000000a4100000)
 Metaspace       used 45029K, capacity 45818K, committed 46208K, reserved 1089536K
  class space    used 5723K, capacity 5925K, committed 6016K, reserved 1048576K
Event: 14.330 GC heap after
Heap after GC invocations=28 (full 10):
 PSYoungGen      total 72192K, used 433K [0x00000000e0000000, 0x00000000e7280000, 0x0000000100000000)
  eden space 54784K, 0% used [0x00000000e0000000,0x00000000e0000000,0x00000000e3580000)
  from space 17408K, 2% used [0x00000000e3580000,0x00000000e35ec438,0x00000000e4680000)
  to   space 29696K, 0% used [0x00000000e5580000,0x00000000e5580000,0x00000000e7280000)
 ParOldGen       total 66560K, used 52011K [0x00000000a0000000, 0x00000000a4100000, 0x00000000e0000000)
  object space 66560K, 78% used [0x00000000a0000000,0x00000000a32caf30,0x00000000a4100000)
 Metaspace       used 45029K, capacity 45818K, committed 46208K, reserved 1089536K
  class space    used 5723K, capacity 5925K, committed 6016K, reserved 1048576K
}
Event: 14.334 GC heap before
{Heap before GC invocations=29 (full 10):
 PSYoungGen      total 72192K, used 45899K [0x00000000e0000000, 0x00000000e7280000, 0x0000000100000000)
  eden space 54784K, 82% used [0x00000000e0000000,0x00000000e2c66bb0,0x00000000e3580000)
  from space 17408K, 2% used [0x00000000e3580000,0x00000000e35ec438,0x00000000e4680000)
  to   space 29696K, 0% used [0x00000000e5580000,0x00000000e5580000,0x00000000e7280000)
 ParOldGen       total 66560K, used 52011K [0x00000000a0000000, 0x00000000a4100000, 0x00000000e0000000)
  object space 66560K, 78% used [0x00000000a0000000,0x00000000a32caf30,0x00000000a4100000)
 Metaspace       used 45033K, capacity 45824K, committed 46208K, reserved 1089536K
  class space    used 5725K, capacity 5926K, committed 6016K, reserved 1048576K
Event: 14.337 GC heap after
Heap after GC invocations=29 (full 10):
 PSYoungGen      total 87552K, used 128K [0x00000000e0000000, 0x00000000e7580000, 0x0000000100000000)
  eden space 57856K, 0% used [0x00000000e0000000,0x00000000e0000000,0x00000000e3880000)
  from space 29696K, 0% used [0x00000000e5580000,0x00000000e55a0000,0x00000000e7280000)
  to   space 29696K, 0% used [0x00000000e3880000,0x00000000e3880000,0x00000000e5580000)
 ParOldGen       total 66560K, used 52011K [0x00000000a0000000, 0x00000000a4100000, 0x00000000e0000000)
  object space 66560K, 78% used [0x00000000a0000000,0x00000000a32caf30,0x00000000a4100000)
 Metaspace       used 45033K, capacity 45824K, committed 46208K, reserved 1089536K
  class space    used 5725K, capacity 5926K, committed 6016K, reserved 1048576K
}
Event: 14.424 GC heap before
{Heap before GC invocations=30 (full 10):
 PSYoungGen      total 87552K, used 57984K [0x00000000e0000000, 0x00000000e7580000, 0x0000000100000000)
  eden space 57856K, 100% used [0x00000000e0000000,0x00000000e3880000,0x00000000e3880000)
  from space 29696K, 0% used [0x00000000e5580000,0x00000000e55a0000,0x00000000e7280000)
  to   space 29696K, 0% used [0x00000000e3880000,0x00000000e3880000,0x00000000e5580000)
 ParOldGen       total 66560K, used 52011K [0x00000000a0000000, 0x00000000a4100000, 0x00000000e0000000)
  object space 66560K, 78% used [0x00000000a0000000,0x00000000a32caf30,0x00000000a4100000)
 Metaspace       used 45237K, capacity 46050K, committed 46464K, reserved 1089536K
  class space    used 5751K, capacity 5959K, committed 6016K, reserved 1048576K
Event: 14.428 GC heap after
Heap after GC invocations=30 (full 10):
 PSYoungGen      total 87552K, used 640K [0x00000000e0000000, 0x00000000e7800000, 0x0000000100000000)
  eden space 57856K, 0% used [0x00000000e0000000,0x00000000e0000000,0x00000000e3880000)
  from space 29696K, 2% used [0x00000000e3880000,0x00000000e3920000,0x00000000e5580000)
  to   space 29696K, 0% used [0x00000000e5b00000,0x00000000e5b00000,0x00000000e7800000)
 ParOldGen       total 66560K, used 52019K [0x00000000a0000000, 0x00000000a4100000, 0x00000000e0000000)
  object space 66560K, 78% used [0x00000000a0000000,0x00000000a32ccf30,0x00000000a4100000)
 Metaspace       used 45237K, capacity 46050K, committed 46464K, reserved 1089536K
  class space    used 5751K, capacity 5959K, committed 6016K, reserved 1048576K
}

Deoptimization events (10 events):
Event: 14.767 Thread 0x000000001927a800 Uncommon trap: reason=class_check action=maybe_recompile pc=0x000000000465bf60 method=kotlin.sequences.FlatteningSequence$iterator$1.ensureItemIterator()Z @ 56
Event: 14.895 Thread 0x000000001927a800 Uncommon trap: reason=unstable_if action=reinterpret pc=0x00000000037f79dc method=sun.nio.cs.UTF_8$Encoder.encode([CII[B)I @ 33
Event: 14.896 Thread 0x000000001927a800 Uncommon trap: reason=unstable_if action=reinterpret pc=0x000000000395eb88 method=sun.nio.cs.UTF_8$Decoder.decode([BII[C)I @ 30
Event: 14.896 Thread 0x000000001927a800 Uncommon trap: reason=unstable_if action=reinterpret pc=0x000000000396e53c method=sun.net.www.ParseUtil.encodePath(Ljava/lang/String;Z)Ljava/lang/String; @ 81
Event: 14.919 Thread 0x000000001927a800 Uncommon trap: reason=unstable_if action=reinterpret pc=0x0000000004626d70 method=kotlin.collections.CollectionsKt__MutableCollectionsKt.addAll(Ljava/util/Collection;Ljava/lang/Iterable;)Z @ 18
Event: 14.997 Thread 0x000000001927a800 Uncommon trap: reason=unstable_if action=reinterpret pc=0x00000000045ce79c method=org.jetbrains.kotlin.serialization.deserialization.descriptors.DeserializedPackageMemberScope.hasClass(Lorg/jetbrains/kotlin/name/Name;)Z @ 102
Event: 15.001 Thread 0x000000001927a800 Uncommon trap: reason=unstable_if action=reinterpret pc=0x00000000042f2030 method=org.jetbrains.kotlin.name.Name.hashCode()I @ 16
Event: 15.038 Thread 0x000000001927a800 Uncommon trap: reason=bimorphic action=maybe_recompile pc=0x000000000440e2f8 method=org.jetbrains.kotlin.com.intellij.psi.impl.source.tree.TreeElement.rawRemoveUpToWithoutNotifications(Lorg/jetbrains/kotlin/com/intellij/psi/impl/source/tree/TreeElement;Z)
Event: 15.042 Thread 0x000000001927a800 Uncommon trap: reason=unstable_if action=reinterpret pc=0x0000000004605a2c method=org.jetbrains.kotlin.serialization.deserialization.descriptors.DeserializedPackageMemberScope.hasClass(Lorg/jetbrains/kotlin/name/Name;)Z @ 102
Event: 15.052 Thread 0x000000001927a800 Uncommon trap: reason=unstable_if action=reinterpret pc=0x0000000004774094 method=org.jetbrains.kotlin.types.KotlinTypeKt.isError(Lorg/jetbrains/kotlin/types/KotlinType;)Z @ 17

Internal exceptions (10 events):
Event: 8.307 Thread 0x000000001927a800 Exception <a 'java/lang/NoSuchMethodError': java.lang.Object.lambda$static$0(I)[Lorg/jetbrains/kotlin/com/intellij/psi/PsiElement;> (0x00000000e14882e8) thrown at [C:\re\workspace\8-2-build-windows-amd64-cygwin\jdk8u144\9417\hotspot\src\share\vm\interpret
Event: 8.348 Thread 0x000000001927a800 Exception <a 'java/lang/NoSuchMethodError': java.lang.Object.lambda$static$0(I)[Lorg/jetbrains/kotlin/psi/KtTypeElement;> (0x00000000e15aac18) thrown at [C:\re\workspace\8-2-build-windows-amd64-cygwin\jdk8u144\9417\hotspot\src\share\vm\interpreter\linkRes
Event: 8.998 Thread 0x000000001927a800 Exception <a 'java/lang/NoSuchMethodError': java.lang.Object.lambda$static$0(I)[Lorg/jetbrains/kotlin/com/intellij/psi/PsiClass;> (0x00000000e0ada0b0) thrown at [C:\re\workspace\8-2-build-windows-amd64-cygwin\jdk8u144\9417\hotspot\src\share\vm\interpreter
Event: 9.351 Thread 0x000000001927a800 Implicit null exception at 0x000000000416d5d4 to 0x000000000416d875
Event: 9.351 Thread 0x000000001927a800 Implicit null exception at 0x00000000041239ef to 0x0000000004123a2d
Event: 10.546 Thread 0x000000001927a800 Exception <a 'java/lang/NoSuchMethodError': java.lang.Object.lambda$static$0(I)[Lorg/jetbrains/kotlin/com/intellij/psi/PsiTypeParameter;> (0x00000000e2528100) thrown at [C:\re\workspace\8-2-build-windows-amd64-cygwin\jdk8u144\9417\hotspot\src\share\vm\int
Event: 13.506 Thread 0x000000001927a800 Exception <a 'java/lang/NoSuchMethodError': java.lang.Object.lambda$static$0(I)[Lorg/jetbrains/kotlin/com/intellij/psi/PsiMethod;> (0x00000000e2bec748) thrown at [C:\re\workspace\8-2-build-windows-amd64-cygwin\jdk8u144\9417\hotspot\src\share\vm\interprete
Event: 13.799 Thread 0x000000001927a800 Exception <a 'java/lang/NoSuchMethodError': java.lang.Object.lambda$static$0(I)[Lorg/jetbrains/kotlin/com/intellij/psi/PsiField;> (0x00000000e3215b78) thrown at [C:\re\workspace\8-2-build-windows-amd64-cygwin\jdk8u144\9417\hotspot\src\share\vm\interpreter
Event: 13.846 Thread 0x000000001927a800 Exception <a 'java/lang/NoSuchMethodError': java.lang.Object.lambda$static$0(I)[Lorg/jetbrains/kotlin/com/intellij/psi/PsiJavaCodeReferenceElement;> (0x00000000e333a8e0) thrown at [C:\re\workspace\8-2-build-windows-amd64-cygwin\jdk8u144\9417\hotspot\src\s
Event: 14.367 Thread 0x000000001927a800 Implicit null exception at 0x0000000003d3684c to 0x0000000003d368f5

Events (10 events):
Event: 15.104 loading class org/jetbrains/kotlin/load/kotlin/KotlinJvmBinaryClass$MemberVisitor
Event: 15.104 loading class org/jetbrains/kotlin/load/kotlin/KotlinJvmBinaryClass$MemberVisitor done
Event: 15.105 loading class org/jetbrains/kotlin/load/kotlin/FileBasedKotlinClass$4$1
Event: 15.105 loading class org/jetbrains/kotlin/load/kotlin/FileBasedKotlinClass$4$1 done
Event: 15.105 loading class org/jetbrains/kotlin/load/kotlin/FileBasedKotlinClass$4$2
Event: 15.105 loading class org/jetbrains/kotlin/load/kotlin/FileBasedKotlinClass$4$2 done
Event: 15.106 loading class org/jetbrains/kotlin/load/kotlin/AbstractBinaryClassAnnotationAndConstantLoader$loadAnnotationsAndInitializers$1$AnnotationVisitorForMethod
Event: 15.106 loading class org/jetbrains/kotlin/load/kotlin/AbstractBinaryClassAnnotationAndConstantLoader$loadAnnotationsAndInitializers$1$AnnotationVisitorForMethod done
Event: 15.106 loading class org/jetbrains/kotlin/load/kotlin/KotlinJvmBinaryClass$MethodAnnotationVisitor
Event: 15.106 loading class org/jetbrains/kotlin/load/kotlin/KotlinJvmBinaryClass$MethodAnnotationVisitor done


Dynamic libraries:
0x00007ff71c570000 - 0x00007ff71c5a7000 	C:\Program Files\Java\jdk1.8.0_144\jre\bin\java.exe
0x00007ff96d8f0000 - 0x00007ff96dad1000 	C:\WINDOWS\SYSTEM32\ntdll.dll
0x00007ff96ccd0000 - 0x00007ff96cd82000 	C:\WINDOWS\System32\KERNEL32.DLL
0x00007ff96a570000 - 0x00007ff96a7e3000 	C:\WINDOWS\System32\KERNELBASE.dll
0x00007ff96cd90000 - 0x00007ff96ce31000 	C:\WINDOWS\System32\ADVAPI32.dll
0x00007ff96c450000 - 0x00007ff96c4ee000 	C:\WINDOWS\System32\msvcrt.dll
0x00007ff96d6d0000 - 0x00007ff96d72b000 	C:\WINDOWS\System32\sechost.dll
0x00007ff96c2b0000 - 0x00007ff96c3d4000 	C:\WINDOWS\System32\RPCRT4.dll
0x00007ff96d730000 - 0x00007ff96d8c0000 	C:\WINDOWS\System32\USER32.dll
0x00007ff96ac10000 - 0x00007ff96ac30000 	C:\WINDOWS\System32\win32u.dll
0x00007ff96c650000 - 0x00007ff96c678000 	C:\WINDOWS\System32\GDI32.dll
0x00007ff969cc0000 - 0x00007ff969e52000 	C:\WINDOWS\System32\gdi32full.dll
0x00007ff96a980000 - 0x00007ff96aa1f000 	C:\WINDOWS\System32\msvcp_win.dll
0x00007ff96ac80000 - 0x00007ff96ad7a000 	C:\WINDOWS\System32\ucrtbase.dll
0x00007ff956b00000 - 0x00007ff956d69000 	C:\WINDOWS\WinSxS\amd64_microsoft.windows.common-controls_6595b64144ccf1df_6.0.17134.285_none_fb4297e330656775\COMCTL32.dll
0x00007ff96d350000 - 0x00007ff96d673000 	C:\WINDOWS\System32\combase.dll
0x00007ff96a900000 - 0x00007ff96a97a000 	C:\WINDOWS\System32\bcryptPrimitives.dll
0x00007ff96d6a0000 - 0x00007ff96d6cd000 	C:\WINDOWS\System32\IMM32.DLL
0x0000000059e00000 - 0x0000000059ed2000 	C:\Program Files\Java\jdk1.8.0_144\jre\bin\msvcr100.dll
0x0000000058790000 - 0x000000005902d000 	C:\Program Files\Java\jdk1.8.0_144\jre\bin\server\jvm.dll
0x00007ff96cb30000 - 0x00007ff96cb38000 	C:\WINDOWS\System32\PSAPI.DLL
0x00007ff958380000 - 0x00007ff958389000 	C:\WINDOWS\SYSTEM32\WSOCK32.dll
0x00007ff96cc60000 - 0x00007ff96cccc000 	C:\WINDOWS\System32\WS2_32.dll
0x00007ff966fb0000 - 0x00007ff966fd3000 	C:\WINDOWS\SYSTEM32\WINMM.dll
0x00007ff956ae0000 - 0x00007ff956aea000 	C:\WINDOWS\SYSTEM32\VERSION.dll
0x00007ff966f80000 - 0x00007ff966faa000 	C:\WINDOWS\SYSTEM32\WINMMBASE.dll
0x00007ff96ac30000 - 0x00007ff96ac79000 	C:\WINDOWS\System32\cfgmgr32.dll
0x000000005bd50000 - 0x000000005bd5f000 	C:\Program Files\Java\jdk1.8.0_144\jre\bin\verify.dll
0x000000005bd20000 - 0x000000005bd49000 	C:\Program Files\Java\jdk1.8.0_144\jre\bin\java.dll
0x000000005bd00000 - 0x000000005bd16000 	C:\Program Files\Java\jdk1.8.0_144\jre\bin\zip.dll
0x00007ff96ae70000 - 0x00007ff96c2b0000 	C:\WINDOWS\System32\SHELL32.dll
0x00007ff96cb40000 - 0x00007ff96cbe9000 	C:\WINDOWS\System32\shcore.dll
0x00007ff969e60000 - 0x00007ff96a56d000 	C:\WINDOWS\System32\windows.storage.dll
0x00007ff96cad0000 - 0x00007ff96cb21000 	C:\WINDOWS\System32\shlwapi.dll
0x00007ff969ca0000 - 0x00007ff969cb1000 	C:\WINDOWS\System32\kernel.appcore.dll
0x00007ff969c10000 - 0x00007ff969c2f000 	C:\WINDOWS\System32\profapi.dll
0x00007ff969c50000 - 0x00007ff969c9c000 	C:\WINDOWS\System32\powrprof.dll
0x00007ff969c00000 - 0x00007ff969c0a000 	C:\WINDOWS\System32\FLTLIB.DLL
0x000000005bcb0000 - 0x000000005bcbd000 	C:\Program Files\Java\jdk1.8.0_144\jre\bin\management.dll
0x000000005bce0000 - 0x000000005bcfa000 	C:\Program Files\Java\jdk1.8.0_144\jre\bin\net.dll
0x00007ff969470000 - 0x00007ff9694d6000 	C:\WINDOWS\system32\mswsock.dll
0x000000005bcc0000 - 0x000000005bcd1000 	C:\Program Files\Java\jdk1.8.0_144\jre\bin\nio.dll
0x00007ff969630000 - 0x00007ff969647000 	C:\WINDOWS\SYSTEM32\CRYPTSP.dll
0x00007ff969000000 - 0x00007ff969033000 	C:\WINDOWS\system32\rsaenh.dll
0x00007ff969760000 - 0x00007ff969785000 	C:\WINDOWS\SYSTEM32\bcrypt.dll
0x00007ff969b00000 - 0x00007ff969b28000 	C:\WINDOWS\SYSTEM32\USERENV.dll
0x00007ff9696e0000 - 0x00007ff9696eb000 	C:\WINDOWS\SYSTEM32\CRYPTBASE.dll
0x00007ff969200000 - 0x00007ff969238000 	C:\WINDOWS\SYSTEM32\IPHLPAPI.DLL
0x00007ff96cc50000 - 0x00007ff96cc58000 	C:\WINDOWS\System32\NSI.dll
0x00007ff95c840000 - 0x00007ff95c856000 	C:\WINDOWS\SYSTEM32\dhcpcsvc6.DLL
0x00007ff95c4b0000 - 0x00007ff95c4ca000 	C:\WINDOWS\SYSTEM32\dhcpcsvc.DLL

VM Arguments:
jvm_args: -Djava.awt.headless=true -Djava.rmi.server.hostname=localhost -Xmx1536m -Dkotlin.environment.keepalive 
java_command: org.jetbrains.kotlin.daemon.KotlinCompileDaemon --daemon-runFilesPath C:\Users\SERIN\AppData\Local\kotlin\daemon --daemon-autoshutdownIdleSeconds=7200 --daemon-compilerClasspath C:\Users\SERIN\.gradle\caches\modules-2\files-2.1\org.jetbrains.kotlin\kotlin-compiler-embeddable\1.1.51\e87f62328a705dc5c5b857f1aa50d1732c8bc3d6\kotlin-compiler-embeddable-1.1.51.jar;C:\Program Files\Java\jdk1.8.0_144\lib\tools.jar
java_class_path (initial): C:\Users\SERIN\.gradle\caches\modules-2\files-2.1\org.jetbrains.kotlin\kotlin-compiler-embeddable\1.1.51\e87f62328a705dc5c5b857f1aa50d1732c8bc3d6\kotlin-compiler-embeddable-1.1.51.jar;C:\Program Files\Java\jdk1.8.0_144\lib\tools.jar
Launcher Type: SUN_STANDARD

Environment Variables:
JAVA_HOME=C:\Program Files\Java\jdk-10
PATH=C:\ProgramData\Oracle\Java\javapath;C:\oraclexe\app\oracle\product\11.2.0\server\bin;"C:\Program Files\Java\jdk-10\bin;C:\ProgramData\Oracle\Java\javapath";C:\Program Files (x86)\Intel\iCLS Client\;C:\Program Files\Intel\iCLS Client\;C:\WINDOWS\system32;C:\WINDOWS;C:\WINDOWS\System32\Wbem;C:\WINDOWS\System32\WindowsPowerShell\v1.0\;C:\Program Files (x86)\Intel\Intel(R) Management Engine Components\DAL;C:\Program Files\Intel\Intel(R) Management Engine Components\DAL;C:\Program Files (x86)\Intel\Intel(R) Management Engine Components\IPT;C:\Program Files\Intel\Intel(R) Management Engine Components\IPT;C:\Program Files (x86)\GtkSharp\2.12\bin;C:\Program Files\nodejs\;C:\Program Files (x86)\Windows Kits\10\Windows Performance Toolkit\;C:\Program Files\MySQL\MySQL Utilities 1.6\;C:\WINDOWS\System32\OpenSSH\;C:\Program Files\Intel\WiFi\bin\;C:\Program Files\Common Files\Intel\WirelessCommon\;C:\Program Files\Java\jdk-10\bin;C:\Users\SERIN\AppData\Roaming\npm;C:\Program Files\Bandizip\;C:\Users\SERIN\AppData\Local\Microsoft\WindowsApps;
USERNAME=SERIN
OS=Windows_NT
PROCESSOR_IDENTIFIER=Intel64 Family 6 Model 142 Stepping 9, GenuineIntel



---------------  S Y S T E M  ---------------

OS: Windows 10.0 , 64 bit Build 17134 (10.0.17134.1)

CPU:total 4 (initial active 4) (2 cores per cpu, 2 threads per core) family 6 model 142 stepping 9, cmov, cx8, fxsr, mmx, sse, sse2, sse3, ssse3, sse4.1, sse4.2, popcnt, avx, avx2, aes, clmul, erms, 3dnowpref, lzcnt, ht, tsc, tscinvbit, bmi1, bmi2, adx

Memory: 4k page, physical 8300268k(887780k free), swap 11372268k(5376k free)

vm_info: Java HotSpot(TM) 64-Bit Server VM (25.144-b01) for windows-amd64 JRE (1.8.0_144-b01), built on Jul 21 2017 21:57:33 by "java_re" with MS VC++ 10.0 (VS2010)

time: Sun Sep 23 15:46:42 2018
elapsed time: 15 seconds (0d 0h 0m 15s)

